This file contains any messages produced by compilers while
running configure, to aid debugging if configure makes a mistake.

It was created by PI configure 0.1, which was
generated by GNU Autoconf 2.69.  Invocation command line was

  $ ./configure --with-proto

## --------- ##
## Platform. ##
## --------- ##

hostname = cxy-VirtualBox
uname -m = i686
uname -r = 4.15.0-45-generic
uname -s = Linux
uname -v = #48~16.04.1-Ubuntu SMP Tue Jan 29 18:03:19 UTC 2019

/usr/bin/uname -p = unknown
/bin/uname -X     = unknown

/bin/arch              = unknown
/usr/bin/arch -k       = unknown
/usr/convex/getsysinfo = unknown
/usr/bin/hostinfo      = unknown
/bin/machine           = unknown
/usr/bin/oslevel       = unknown
/bin/universe          = unknown

PATH: /home/cxy/bin
PATH: /home/cxy/.local/bin
PATH: /usr/local/sbin
PATH: /usr/local/bin
PATH: /usr/sbin
PATH: /usr/bin
PATH: /sbin
PATH: /bin
PATH: /usr/games
PATH: /usr/local/games
PATH: /snap/bin


## ----------- ##
## Core tests. ##
## ----------- ##

configure:2629: checking for a BSD-compatible install
configure:2697: result: /usr/bin/install -c
configure:2708: checking whether build environment is sane
configure:2763: result: yes
configure:2914: checking for a thread-safe mkdir -p
configure:2953: result: /bin/mkdir -p
configure:2960: checking for gawk
configure:2990: result: no
configure:2960: checking for mawk
configure:2976: found /usr/bin/mawk
configure:2987: result: mawk
configure:2998: checking whether make sets $(MAKE)
configure:3020: result: yes
configure:3049: checking whether make supports nested variables
configure:3066: result: yes
configure:3243: checking for gcc
configure:3259: found /usr/bin/gcc
configure:3270: result: gcc
configure:3499: checking for C compiler version
configure:3508: gcc --version >&5
gcc (Ubuntu 5.4.0-6ubuntu1~16.04.11) 5.4.0 20160609
Copyright (C) 2015 Free Software Foundation, Inc.
This is free software; see the source for copying conditions.  There is NO
warranty; not even for MERCHANTABILITY or FITNESS FOR A PARTICULAR PURPOSE.

configure:3519: $? = 0
configure:3508: gcc -v >&5
Using built-in specs.
COLLECT_GCC=gcc
COLLECT_LTO_WRAPPER=/usr/lib/gcc/i686-linux-gnu/5/lto-wrapper
Target: i686-linux-gnu
Configured with: ../src/configure -v --with-pkgversion='Ubuntu 5.4.0-6ubuntu1~16.04.11' --with-bugurl=file:///usr/share/doc/gcc-5/README.Bugs --enable-languages=c,ada,c++,java,go,d,fortran,objc,obj-c++ --prefix=/usr --program-suffix=-5 --enable-shared --enable-linker-build-id --libexecdir=/usr/lib --without-included-gettext --enable-threads=posix --libdir=/usr/lib --enable-nls --with-sysroot=/ --enable-clocale=gnu --enable-libstdcxx-debug --enable-libstdcxx-time=yes --with-default-libstdcxx-abi=new --enable-gnu-unique-object --disable-vtable-verify --enable-libmpx --enable-plugin --with-system-zlib --disable-browser-plugin --enable-java-awt=gtk --enable-gtk-cairo --with-java-home=/usr/lib/jvm/java-1.5.0-gcj-5-i386/jre --enable-java-home --with-jvm-root-dir=/usr/lib/jvm/java-1.5.0-gcj-5-i386 --with-jvm-jar-dir=/usr/lib/jvm-exports/java-1.5.0-gcj-5-i386 --with-arch-directory=i386 --with-ecj-jar=/usr/share/java/eclipse-ecj.jar --enable-objc-gc --enable-targets=all --enable-multiarch --disable-werror --with-arch-32=i686 --with-multilib-list=m32,m64,mx32 --enable-multilib --with-tune=generic --enable-checking=release --build=i686-linux-gnu --host=i686-linux-gnu --target=i686-linux-gnu
Thread model: posix
gcc version 5.4.0 20160609 (Ubuntu 5.4.0-6ubuntu1~16.04.11) 
configure:3519: $? = 0
configure:3508: gcc -V >&5
gcc: error: unrecognized command line option '-V'
gcc: fatal error: no input files
compilation terminated.
configure:3519: $? = 1
configure:3508: gcc -qversion >&5
gcc: error: unrecognized command line option '-qversion'
gcc: fatal error: no input files
compilation terminated.
configure:3519: $? = 1
configure:3539: checking whether the C compiler works
configure:3561: gcc    conftest.c  >&5
configure:3565: $? = 0
configure:3613: result: yes
configure:3616: checking for C compiler default output file name
configure:3618: result: a.out
configure:3624: checking for suffix of executables
configure:3631: gcc -o conftest    conftest.c  >&5
configure:3635: $? = 0
configure:3657: result: 
configure:3679: checking whether we are cross compiling
configure:3687: gcc -o conftest    conftest.c  >&5
configure:3691: $? = 0
configure:3698: ./conftest
configure:3702: $? = 0
configure:3717: result: no
configure:3722: checking for suffix of object files
configure:3744: gcc -c   conftest.c >&5
configure:3748: $? = 0
configure:3769: result: o
configure:3773: checking whether we are using the GNU C compiler
configure:3792: gcc -c   conftest.c >&5
configure:3792: $? = 0
configure:3801: result: yes
configure:3810: checking whether gcc accepts -g
configure:3830: gcc -c -g  conftest.c >&5
configure:3830: $? = 0
configure:3871: result: yes
configure:3888: checking for gcc option to accept ISO C89
configure:3951: gcc  -c -g -O2  conftest.c >&5
configure:3951: $? = 0
configure:3964: result: none needed
configure:3989: checking whether gcc understands -c and -o together
configure:4011: gcc -c conftest.c -o conftest2.o
configure:4014: $? = 0
configure:4011: gcc -c conftest.c -o conftest2.o
configure:4014: $? = 0
configure:4026: result: yes
configure:4054: checking for style of include used by make
configure:4082: result: GNU
configure:4108: checking dependency style of gcc
configure:4219: result: gcc3
configure:4234: checking for gcc option to accept ISO C99
configure:4383: gcc  -c -g -O2  conftest.c >&5
configure:4383: $? = 0
configure:4396: result: none needed
configure:4475: checking for g++
configure:4491: found /usr/bin/g++
configure:4502: result: g++
configure:4529: checking for C++ compiler version
configure:4538: g++ --version >&5
g++ (Ubuntu 5.4.0-6ubuntu1~16.04.11) 5.4.0 20160609
Copyright (C) 2015 Free Software Foundation, Inc.
This is free software; see the source for copying conditions.  There is NO
warranty; not even for MERCHANTABILITY or FITNESS FOR A PARTICULAR PURPOSE.

configure:4549: $? = 0
configure:4538: g++ -v >&5
Using built-in specs.
COLLECT_GCC=g++
COLLECT_LTO_WRAPPER=/usr/lib/gcc/i686-linux-gnu/5/lto-wrapper
Target: i686-linux-gnu
Configured with: ../src/configure -v --with-pkgversion='Ubuntu 5.4.0-6ubuntu1~16.04.11' --with-bugurl=file:///usr/share/doc/gcc-5/README.Bugs --enable-languages=c,ada,c++,java,go,d,fortran,objc,obj-c++ --prefix=/usr --program-suffix=-5 --enable-shared --enable-linker-build-id --libexecdir=/usr/lib --without-included-gettext --enable-threads=posix --libdir=/usr/lib --enable-nls --with-sysroot=/ --enable-clocale=gnu --enable-libstdcxx-debug --enable-libstdcxx-time=yes --with-default-libstdcxx-abi=new --enable-gnu-unique-object --disable-vtable-verify --enable-libmpx --enable-plugin --with-system-zlib --disable-browser-plugin --enable-java-awt=gtk --enable-gtk-cairo --with-java-home=/usr/lib/jvm/java-1.5.0-gcj-5-i386/jre --enable-java-home --with-jvm-root-dir=/usr/lib/jvm/java-1.5.0-gcj-5-i386 --with-jvm-jar-dir=/usr/lib/jvm-exports/java-1.5.0-gcj-5-i386 --with-arch-directory=i386 --with-ecj-jar=/usr/share/java/eclipse-ecj.jar --enable-objc-gc --enable-targets=all --enable-multiarch --disable-werror --with-arch-32=i686 --with-multilib-list=m32,m64,mx32 --enable-multilib --with-tune=generic --enable-checking=release --build=i686-linux-gnu --host=i686-linux-gnu --target=i686-linux-gnu
Thread model: posix
gcc version 5.4.0 20160609 (Ubuntu 5.4.0-6ubuntu1~16.04.11) 
configure:4549: $? = 0
configure:4538: g++ -V >&5
g++: error: unrecognized command line option '-V'
g++: fatal error: no input files
compilation terminated.
configure:4549: $? = 1
configure:4538: g++ -qversion >&5
g++: error: unrecognized command line option '-qversion'
g++: fatal error: no input files
compilation terminated.
configure:4549: $? = 1
configure:4553: checking whether we are using the GNU C++ compiler
configure:4572: g++ -c   conftest.cpp >&5
configure:4572: $? = 0
configure:4581: result: yes
configure:4590: checking whether g++ accepts -g
configure:4610: g++ -c -g  conftest.cpp >&5
configure:4610: $? = 0
configure:4651: result: yes
configure:4676: checking dependency style of g++
configure:4787: result: gcc3
configure:4815: checking whether g++ supports C++11 features by default
configure:4841: g++ -c -g -O2  conftest.cpp >&5
conftest.cpp:15:21: error: expected identifier before 'sizeof'
       static_assert(sizeof(int) <= sizeof(T), "not big enough");
                     ^
conftest.cpp:15:21: error: expected ',' or '...' before 'sizeof'
conftest.cpp:15:63: error: ISO C++ forbids declaration of 'static_assert' with no type [-fpermissive]
       static_assert(sizeof(int) <= sizeof(T), "not big enough");
                                                               ^
conftest.cpp:18:29: error: '>>' should be '> >' within a nested template argument list
     typedef check<check<bool>> right_angle_brackets;
                             ^
conftest.cpp:21:13: error: expected constructor, destructor, or type conversion before '(' token
     decltype(a) b;
             ^
conftest.cpp:25:15: error: expected unqualified-id before '&&' token
     check_type&& cr = static_cast<check_type&&>(c);
               ^
conftest.cpp:27:10: error: 'd' does not name a type
     auto d = a;
          ^
configure:4841: $? = 1
configure: failed program was:
| /* confdefs.h */
| #define PACKAGE_NAME "PI"
| #define PACKAGE_TARNAME "pi"
| #define PACKAGE_VERSION "0.1"
| #define PACKAGE_STRING "PI 0.1"
| #define PACKAGE_BUGREPORT "antonin@barefootnetworks.com"
| #define PACKAGE_URL ""
| #define PACKAGE "pi"
| #define VERSION "0.1"
| /* end confdefs.h.  */
| 
|   template <typename T>
|     struct check
|     {
|       static_assert(sizeof(int) <= sizeof(T), "not big enough");
|     };
| 
|     typedef check<check<bool>> right_angle_brackets;
| 
|     int a;
|     decltype(a) b;
| 
|     typedef check<int> check_type;
|     check_type c;
|     check_type&& cr = static_cast<check_type&&>(c);
| 
|     auto d = a;
| 
configure:4848: result: no
configure:4859: checking whether g++ supports C++11 features with -std=c++11
configure:4887: g++ -c -g -O2 -std=c++11  conftest.cpp >&5
configure:4887: $? = 0
configure:4896: result: yes
configure:4969: checking for a Python interpreter with version >= 2.7
configure:4986: python2 -c import sys # split strings by '.' and convert to numeric. Append some zeros # because we need at least 4 digits for the hex conversion. # map returns an iterator in Python 3.0 and a list in 2.x minver = list(map(int, '2.7'.split('.'))) + [0, 0, 0] minverhex = 0 # xrange is not present in Python 3.0 and range returns an iterator for i in list(range(0, 4)): minverhex = (minverhex << 8) + minver[i] sys.exit(sys.hexversion < minverhex)
configure:4989: $? = 0
configure:4995: result: python2
configure:5003: checking for python2
configure:5021: found /usr/bin/python2
configure:5033: result: /usr/bin/python2
configure:5053: checking for python2 version
configure:5060: result: 2.7
configure:5072: checking for python2 platform
configure:5079: result: linux2
configure:5105: checking for python2 script directory
configure:5140: result: ${prefix}/lib/python2.7/dist-packages
configure:5149: checking for python2 extension module directory
configure:5184: result: ${exec_prefix}/lib/python2.7/dist-packages
configure:5309: checking for doxygen
configure:5342: result: no
configure:5362: WARNING: doxygen not found - will not generate any doxygen documentation
configure:5415: checking for perl
configure:5433: found /usr/bin/perl
configure:5445: result: /usr/bin/perl
configure:7206: C++ frontend needed for p4runtime.proto, turning it on
configure:7244: checking for /home/cxy/PI/third_party/googletest/googletest/src/gtest.cc
configure:7258: result: yes
configure:7342: checking build system type
configure:7356: result: i686-pc-linux-gnu
configure:7376: checking host system type
configure:7389: result: i686-pc-linux-gnu
configure:7430: checking how to print strings
configure:7457: result: printf
configure:7478: checking for a sed that does not truncate output
configure:7542: result: /bin/sed
configure:7560: checking for grep that handles long lines and -e
configure:7618: result: /bin/grep
configure:7623: checking for egrep
configure:7685: result: /bin/grep -E
configure:7690: checking for fgrep
configure:7752: result: /bin/grep -F
configure:7787: checking for ld used by gcc
configure:7854: result: /usr/bin/ld
configure:7861: checking if the linker (/usr/bin/ld) is GNU ld
configure:7876: result: yes
configure:7888: checking for BSD- or MS-compatible name lister (nm)
configure:7942: result: /usr/bin/nm -B
configure:8072: checking the name lister (/usr/bin/nm -B) interface
configure:8079: gcc -c -g -O2  conftest.c >&5
configure:8082: /usr/bin/nm -B "conftest.o"
configure:8085: output
00000000 B some_variable
configure:8092: result: BSD nm
configure:8095: checking whether ln -s works
configure:8099: result: yes
configure:8107: checking the maximum length of command line arguments
configure:8238: result: 1572864
configure:8286: checking how to convert i686-pc-linux-gnu file names to i686-pc-linux-gnu format
configure:8326: result: func_convert_file_noop
configure:8333: checking how to convert i686-pc-linux-gnu file names to toolchain format
configure:8353: result: func_convert_file_noop
configure:8360: checking for /usr/bin/ld option to reload object files
configure:8367: result: -r
configure:8441: checking for objdump
configure:8457: found /usr/bin/objdump
configure:8468: result: objdump
configure:8500: checking how to recognize dependent libraries
configure:8700: result: pass_all
configure:8785: checking for dlltool
configure:8815: result: no
configure:8845: checking how to associate runtime and link libraries
configure:8872: result: printf %s\n
configure:8933: checking for ar
configure:8949: found /usr/bin/ar
configure:8960: result: ar
configure:8997: checking for archiver @FILE support
configure:9014: gcc -c -g -O2  conftest.c >&5
configure:9014: $? = 0
configure:9017: ar cru libconftest.a @conftest.lst >&5
ar: `u' modifier ignored since `D' is the default (see `U')
configure:9020: $? = 0
configure:9025: ar cru libconftest.a @conftest.lst >&5
ar: `u' modifier ignored since `D' is the default (see `U')
ar: conftest.o: No such file or directory
configure:9028: $? = 1
configure:9040: result: @
configure:9098: checking for strip
configure:9114: found /usr/bin/strip
configure:9125: result: strip
configure:9197: checking for ranlib
configure:9213: found /usr/bin/ranlib
configure:9224: result: ranlib
configure:9326: checking command to parse /usr/bin/nm -B output from gcc object
configure:9479: gcc -c -g -O2  conftest.c >&5
configure:9482: $? = 0
configure:9486: /usr/bin/nm -B conftest.o \| sed -n -e 's/^.*[ ]\([ABCDGIRSTW][ABCDGIRSTW]*\)[ ][ ]*\([_A-Za-z][_A-Za-z0-9]*\)$/\1 \2 \2/p' | sed '/ __gnu_lto/d' \> conftest.nm
configure:9489: $? = 0
configure:9555: gcc -o conftest -g -O2   conftest.c conftstm.o >&5
configure:9558: $? = 0
configure:9596: result: ok
configure:9643: checking for sysroot
configure:9673: result: no
configure:9680: checking for a working dd
configure:9718: result: /bin/dd
configure:9722: checking how to truncate binary pipes
configure:9737: result: /bin/dd bs=4096 count=1
configure:10066: checking for mt
configure:10082: found /bin/mt
configure:10093: result: mt
configure:10116: checking if mt is a manifest tool
configure:10122: mt '-?'
configure:10130: result: no
configure:10807: checking how to run the C preprocessor
configure:10838: gcc -E  conftest.c
configure:10838: $? = 0
configure:10852: gcc -E  conftest.c
conftest.c:12:28: fatal error: ac_nonexistent.h: No such file or directory
compilation terminated.
configure:10852: $? = 1
configure: failed program was:
| /* confdefs.h */
| #define PACKAGE_NAME "PI"
| #define PACKAGE_TARNAME "pi"
| #define PACKAGE_VERSION "0.1"
| #define PACKAGE_STRING "PI 0.1"
| #define PACKAGE_BUGREPORT "antonin@barefootnetworks.com"
| #define PACKAGE_URL ""
| #define PACKAGE "pi"
| #define VERSION "0.1"
| #define HAVE_CXX11 1
| /* end confdefs.h.  */
| #include <ac_nonexistent.h>
configure:10877: result: gcc -E
configure:10897: gcc -E  conftest.c
configure:10897: $? = 0
configure:10911: gcc -E  conftest.c
conftest.c:12:28: fatal error: ac_nonexistent.h: No such file or directory
compilation terminated.
configure:10911: $? = 1
configure: failed program was:
| /* confdefs.h */
| #define PACKAGE_NAME "PI"
| #define PACKAGE_TARNAME "pi"
| #define PACKAGE_VERSION "0.1"
| #define PACKAGE_STRING "PI 0.1"
| #define PACKAGE_BUGREPORT "antonin@barefootnetworks.com"
| #define PACKAGE_URL ""
| #define PACKAGE "pi"
| #define VERSION "0.1"
| #define HAVE_CXX11 1
| /* end confdefs.h.  */
| #include <ac_nonexistent.h>
configure:10940: checking for ANSI C header files
configure:10960: gcc -c -g -O2  conftest.c >&5
configure:10960: $? = 0
configure:11033: gcc -o conftest -g -O2   conftest.c  >&5
configure:11033: $? = 0
configure:11033: ./conftest
configure:11033: $? = 0
configure:11044: result: yes
configure:11057: checking for sys/types.h
configure:11057: gcc -c -g -O2  conftest.c >&5
configure:11057: $? = 0
configure:11057: result: yes
configure:11057: checking for sys/stat.h
configure:11057: gcc -c -g -O2  conftest.c >&5
configure:11057: $? = 0
configure:11057: result: yes
configure:11057: checking for stdlib.h
configure:11057: gcc -c -g -O2  conftest.c >&5
configure:11057: $? = 0
configure:11057: result: yes
configure:11057: checking for string.h
configure:11057: gcc -c -g -O2  conftest.c >&5
configure:11057: $? = 0
configure:11057: result: yes
configure:11057: checking for memory.h
configure:11057: gcc -c -g -O2  conftest.c >&5
configure:11057: $? = 0
configure:11057: result: yes
configure:11057: checking for strings.h
configure:11057: gcc -c -g -O2  conftest.c >&5
configure:11057: $? = 0
configure:11057: result: yes
configure:11057: checking for inttypes.h
configure:11057: gcc -c -g -O2  conftest.c >&5
configure:11057: $? = 0
configure:11057: result: yes
configure:11057: checking for stdint.h
configure:11057: gcc -c -g -O2  conftest.c >&5
configure:11057: $? = 0
configure:11057: result: yes
configure:11057: checking for unistd.h
configure:11057: gcc -c -g -O2  conftest.c >&5
configure:11057: $? = 0
configure:11057: result: yes
configure:11071: checking for dlfcn.h
configure:11071: gcc -c -g -O2  conftest.c >&5
configure:11071: $? = 0
configure:11071: result: yes
configure:11337: checking for objdir
configure:11352: result: .libs
configure:11616: checking if gcc supports -fno-rtti -fno-exceptions
configure:11634: gcc -c -g -O2  -fno-rtti -fno-exceptions conftest.c >&5
cc1: warning: command line option '-fno-rtti' is valid for C++/ObjC++ but not for C
configure:11638: $? = 0
configure:11651: result: no
configure:12009: checking for gcc option to produce PIC
configure:12016: result: -fPIC -DPIC
configure:12024: checking if gcc PIC flag -fPIC -DPIC works
configure:12042: gcc -c -g -O2  -fPIC -DPIC -DPIC conftest.c >&5
configure:12046: $? = 0
configure:12059: result: yes
configure:12088: checking if gcc static flag -static works
configure:12116: result: yes
configure:12131: checking if gcc supports -c -o file.o
configure:12152: gcc -c -g -O2  -o out/conftest2.o conftest.c >&5
configure:12156: $? = 0
configure:12178: result: yes
configure:12186: checking if gcc supports -c -o file.o
configure:12233: result: yes
configure:12266: checking whether the gcc linker (/usr/bin/ld) supports shared libraries
configure:13529: result: yes
configure:13566: checking whether -lc should be explicitly linked in
configure:13574: gcc -c -g -O2  conftest.c >&5
configure:13577: $? = 0
configure:13592: gcc -shared  -fPIC -DPIC conftest.o  -v -Wl,-soname -Wl,conftest -o conftest 2\>\&1 \| /bin/grep  -lc  \>/dev/null 2\>\&1
configure:13595: $? = 0
configure:13609: result: no
configure:13769: checking dynamic linker characteristics
configure:14350: gcc -o conftest -g -O2   -Wl,-rpath -Wl,/foo conftest.c  >&5
configure:14350: $? = 0
configure:14599: result: GNU/Linux ld.so
configure:14721: checking how to hardcode library paths into programs
configure:14746: result: immediate
configure:15294: checking whether stripping libraries is possible
configure:15299: result: yes
configure:15334: checking if libtool supports shared libraries
configure:15336: result: yes
configure:15339: checking whether to build shared libraries
configure:15364: result: yes
configure:15367: checking whether to build static libraries
configure:15371: result: yes
configure:15394: checking how to run the C++ preprocessor
configure:15421: g++ -E  conftest.cpp
configure:15421: $? = 0
configure:15435: g++ -E  conftest.cpp
conftest.cpp:24:28: fatal error: ac_nonexistent.h: No such file or directory
compilation terminated.
configure:15435: $? = 1
configure: failed program was:
| /* confdefs.h */
| #define PACKAGE_NAME "PI"
| #define PACKAGE_TARNAME "pi"
| #define PACKAGE_VERSION "0.1"
| #define PACKAGE_STRING "PI 0.1"
| #define PACKAGE_BUGREPORT "antonin@barefootnetworks.com"
| #define PACKAGE_URL ""
| #define PACKAGE "pi"
| #define VERSION "0.1"
| #define HAVE_CXX11 1
| #define STDC_HEADERS 1
| #define HAVE_SYS_TYPES_H 1
| #define HAVE_SYS_STAT_H 1
| #define HAVE_STDLIB_H 1
| #define HAVE_STRING_H 1
| #define HAVE_MEMORY_H 1
| #define HAVE_STRINGS_H 1
| #define HAVE_INTTYPES_H 1
| #define HAVE_STDINT_H 1
| #define HAVE_UNISTD_H 1
| #define HAVE_DLFCN_H 1
| #define LT_OBJDIR ".libs/"
| /* end confdefs.h.  */
| #include <ac_nonexistent.h>
configure:15460: result: g++ -E
configure:15480: g++ -E  conftest.cpp
configure:15480: $? = 0
configure:15494: g++ -E  conftest.cpp
conftest.cpp:24:28: fatal error: ac_nonexistent.h: No such file or directory
compilation terminated.
configure:15494: $? = 1
configure: failed program was:
| /* confdefs.h */
| #define PACKAGE_NAME "PI"
| #define PACKAGE_TARNAME "pi"
| #define PACKAGE_VERSION "0.1"
| #define PACKAGE_STRING "PI 0.1"
| #define PACKAGE_BUGREPORT "antonin@barefootnetworks.com"
| #define PACKAGE_URL ""
| #define PACKAGE "pi"
| #define VERSION "0.1"
| #define HAVE_CXX11 1
| #define STDC_HEADERS 1
| #define HAVE_SYS_TYPES_H 1
| #define HAVE_SYS_STAT_H 1
| #define HAVE_STDLIB_H 1
| #define HAVE_STRING_H 1
| #define HAVE_MEMORY_H 1
| #define HAVE_STRINGS_H 1
| #define HAVE_INTTYPES_H 1
| #define HAVE_STDINT_H 1
| #define HAVE_UNISTD_H 1
| #define HAVE_DLFCN_H 1
| #define LT_OBJDIR ".libs/"
| /* end confdefs.h.  */
| #include <ac_nonexistent.h>
configure:15656: checking for ld used by g++
configure:15723: result: /usr/bin/ld
configure:15730: checking if the linker (/usr/bin/ld) is GNU ld
configure:15745: result: yes
configure:15800: checking whether the g++ linker (/usr/bin/ld) supports shared libraries
configure:16873: result: yes
configure:16909: g++ -c -g -O2 -std=c++11  conftest.cpp >&5
configure:16912: $? = 0
configure:17393: checking for g++ option to produce PIC
configure:17400: result: -fPIC -DPIC
configure:17408: checking if g++ PIC flag -fPIC -DPIC works
configure:17426: g++ -c -g -O2 -std=c++11  -fPIC -DPIC -DPIC conftest.cpp >&5
configure:17430: $? = 0
configure:17443: result: yes
configure:17466: checking if g++ static flag -static works
configure:17494: result: yes
configure:17506: checking if g++ supports -c -o file.o
configure:17527: g++ -c -g -O2 -std=c++11  -o out/conftest2.o conftest.cpp >&5
configure:17531: $? = 0
configure:17553: result: yes
configure:17558: checking if g++ supports -c -o file.o
configure:17605: result: yes
configure:17635: checking whether the g++ linker (/usr/bin/ld) supports shared libraries
configure:17678: result: yes
configure:17819: checking dynamic linker characteristics
configure:18576: result: GNU/Linux ld.so
configure:18641: checking how to hardcode library paths into programs
configure:18666: result: immediate
configure:18922: checking whether gcc is Clang
configure:18947: result: no
configure:19070: checking whether pthreads work with -pthread
configure:19164: gcc -o conftest -g -O2 -pthread   conftest.c   >&5
configure:19164: $? = 0
configure:19173: result: yes
configure:19192: checking for joinable pthread attribute
configure:19210: gcc -o conftest -g -O2 -pthread   conftest.c   >&5
configure:19210: $? = 0
configure:19218: result: PTHREAD_CREATE_JOINABLE
configure:19232: checking whether more special flags are required for pthreads
configure:19245: result: no
configure:19253: checking for PTHREAD_PRIO_INHERIT
configure:19269: gcc -o conftest -g -O2 -pthread   conftest.c   >&5
configure:19269: $? = 0
configure:19278: result: yes
configure:19492: checking for stdlib.h
configure:19492: result: yes
configure:19492: checking for string.h
configure:19492: result: yes
configure:19492: checking assert.h usability
configure:19492: gcc -c -g -O2  conftest.c >&5
configure:19492: $? = 0
configure:19492: result: yes
configure:19492: checking assert.h presence
configure:19492: gcc -E  conftest.c
configure:19492: $? = 0
configure:19492: result: yes
configure:19492: checking for assert.h
configure:19492: result: yes
configure:19492: checking stdio.h usability
configure:19492: gcc -c -g -O2  conftest.c >&5
configure:19492: $? = 0
configure:19492: result: yes
configure:19492: checking stdio.h presence
configure:19492: gcc -E  conftest.c
configure:19492: $? = 0
configure:19492: result: yes
configure:19492: checking for stdio.h
configure:19492: result: yes
configure:19492: checking for stdint.h
configure:19492: result: yes
configure:19492: checking stdbool.h usability
configure:19492: gcc -c -g -O2  conftest.c >&5
configure:19492: $? = 0
configure:19492: result: yes
configure:19492: checking stdbool.h presence
configure:19492: gcc -E  conftest.c
configure:19492: $? = 0
configure:19492: result: yes
configure:19492: checking for stdbool.h
configure:19492: result: yes
configure:19492: checking stddef.h usability
configure:19492: gcc -c -g -O2  conftest.c >&5
configure:19492: $? = 0
configure:19492: result: yes
configure:19492: checking stddef.h presence
configure:19492: gcc -E  conftest.c
configure:19492: $? = 0
configure:19492: result: yes
configure:19492: checking for stddef.h
configure:19492: result: yes
configure:19492: checking time.h usability
configure:19492: gcc -c -g -O2  conftest.c >&5
configure:19492: $? = 0
configure:19492: result: yes
configure:19492: checking time.h presence
configure:19492: gcc -E  conftest.c
configure:19492: $? = 0
configure:19492: result: yes
configure:19492: checking for time.h
configure:19492: result: yes
configure:19492: checking ctype.h usability
configure:19492: gcc -c -g -O2  conftest.c >&5
configure:19492: $? = 0
configure:19492: result: yes
configure:19492: checking ctype.h presence
configure:19492: gcc -E  conftest.c
configure:19492: $? = 0
configure:19492: result: yes
configure:19492: checking for ctype.h
configure:19492: result: yes
configure:19492: checking for unistd.h
configure:19492: result: yes
configure:19492: checking arpa/inet.h usability
configure:19492: gcc -c -g -O2  conftest.c >&5
configure:19492: $? = 0
configure:19492: result: yes
configure:19492: checking arpa/inet.h presence
configure:19492: gcc -E  conftest.c
configure:19492: $? = 0
configure:19492: result: yes
configure:19492: checking for arpa/inet.h
configure:19492: result: yes
configure:19492: checking for sys/types.h
configure:19492: result: yes
configure:19492: checking for sys/stat.h
configure:19492: result: yes
configure:19492: checking for inttypes.h
configure:19492: result: yes
configure:19509: checking for malloc
configure:19509: gcc -o conftest -g -O2   conftest.c  >&5
conftest.c:63:6: warning: conflicting types for built-in function 'malloc'
 char malloc ();
      ^
configure:19509: $? = 0
configure:19509: result: yes
configure:19509: checking for free
configure:19509: gcc -o conftest -g -O2   conftest.c  >&5
conftest.c:64:6: warning: conflicting types for built-in function 'free'
 char free ();
      ^
configure:19509: $? = 0
configure:19509: result: yes
configure:19509: checking for strcmp
configure:19509: gcc -o conftest -g -O2   conftest.c  >&5
conftest.c:65:6: warning: conflicting types for built-in function 'strcmp'
 char strcmp ();
      ^
configure:19509: $? = 0
configure:19509: result: yes
configure:19509: checking for strncmp
configure:19509: gcc -o conftest -g -O2   conftest.c  >&5
conftest.c:66:6: warning: conflicting types for built-in function 'strncmp'
 char strncmp ();
      ^
configure:19509: $? = 0
configure:19509: result: yes
configure:19509: checking for strcpy
configure:19509: gcc -o conftest -g -O2   conftest.c  >&5
conftest.c:67:6: warning: conflicting types for built-in function 'strcpy'
 char strcpy ();
      ^
configure:19509: $? = 0
configure:19509: result: yes
configure:19509: checking for strncpy
configure:19509: gcc -o conftest -g -O2   conftest.c  >&5
conftest.c:68:6: warning: conflicting types for built-in function 'strncpy'
 char strncpy ();
      ^
configure:19509: $? = 0
configure:19509: result: yes
configure:19509: checking for strdup
configure:19509: gcc -o conftest -g -O2   conftest.c  >&5
conftest.c:69:6: warning: conflicting types for built-in function 'strdup'
 char strdup ();
      ^
configure:19509: $? = 0
configure:19509: result: yes
configure:19509: checking for calloc
configure:19509: gcc -o conftest -g -O2   conftest.c  >&5
conftest.c:70:6: warning: conflicting types for built-in function 'calloc'
 char calloc ();
      ^
configure:19509: $? = 0
configure:19509: result: yes
configure:19509: checking for sprintf
configure:19509: gcc -o conftest -g -O2   conftest.c  >&5
conftest.c:71:6: warning: conflicting types for built-in function 'sprintf'
 char sprintf ();
      ^
configure:19509: $? = 0
configure:19509: result: yes
configure:19509: checking for snprintf
configure:19509: gcc -o conftest -g -O2   conftest.c  >&5
conftest.c:72:6: warning: conflicting types for built-in function 'snprintf'
 char snprintf ();
      ^
configure:19509: $? = 0
configure:19509: result: yes
configure:19509: checking for printf
configure:19509: gcc -o conftest -g -O2   conftest.c  >&5
conftest.c:73:6: warning: conflicting types for built-in function 'printf'
 char printf ();
      ^
configure:19509: $? = 0
configure:19509: result: yes
configure:19509: checking for fprintf
configure:19509: gcc -o conftest -g -O2   conftest.c  >&5
conftest.c:74:6: warning: conflicting types for built-in function 'fprintf'
 char fprintf ();
      ^
configure:19509: $? = 0
configure:19509: result: yes
configure:19509: checking for memcpy
configure:19509: gcc -o conftest -g -O2   conftest.c  >&5
conftest.c:75:6: warning: conflicting types for built-in function 'memcpy'
 char memcpy ();
      ^
configure:19509: $? = 0
configure:19509: result: yes
configure:19521: checking for fopen
configure:19521: gcc -o conftest -g -O2   conftest.c  >&5
configure:19521: $? = 0
configure:19521: result: yes
configure:19521: checking for fseek
configure:19521: gcc -o conftest -g -O2   conftest.c  >&5
configure:19521: $? = 0
configure:19521: result: yes
configure:19521: checking for fread
configure:19521: gcc -o conftest -g -O2   conftest.c  >&5
configure:19521: $? = 0
configure:19521: result: yes
configure:19521: checking for fputs
configure:19521: gcc -o conftest -g -O2   conftest.c  >&5
conftest.c:79:6: warning: conflicting types for built-in function 'fputs'
 char fputs ();
      ^
configure:19521: $? = 0
configure:19521: result: yes
configure:19521: checking for fprintf
configure:19521: result: yes
configure:19521: checking for dprintf
configure:19521: gcc -o conftest -g -O2   conftest.c  >&5
configure:19521: $? = 0
configure:19521: result: yes
configure:19533: checking for rand
configure:19533: gcc -o conftest -g -O2   conftest.c  >&5
configure:19533: $? = 0
configure:19533: result: yes
configure:19533: checking for srand
configure:19533: gcc -o conftest -g -O2   conftest.c  >&5
configure:19533: $? = 0
configure:19533: result: yes
configure:19533: checking for time
configure:19533: gcc -o conftest -g -O2   conftest.c  >&5
configure:19533: $? = 0
configure:19533: result: yes
configure:19533: checking for atoi
configure:19533: gcc -o conftest -g -O2   conftest.c  >&5
configure:19533: $? = 0
configure:19533: result: yes
configure:19545: checking for ntohs
configure:19545: gcc -o conftest -g -O2   conftest.c  >&5
configure:19545: $? = 0
configure:19545: result: yes
configure:19545: checking for htons
configure:19545: gcc -o conftest -g -O2   conftest.c  >&5
configure:19545: $? = 0
configure:19545: result: yes
configure:19545: checking for ntohl
configure:19545: gcc -o conftest -g -O2   conftest.c  >&5
configure:19545: $? = 0
configure:19545: result: yes
configure:19545: checking for htonl
configure:19545: gcc -o conftest -g -O2   conftest.c  >&5
configure:19545: $? = 0
configure:19545: result: yes
configure:19557: checking for getopt
configure:19557: gcc -o conftest -g -O2   conftest.c  >&5
configure:19557: $? = 0
configure:19557: result: yes
configure:19557: checking for isprint
configure:19557: gcc -o conftest -g -O2   conftest.c  >&5
conftest.c:91:6: warning: conflicting types for built-in function 'isprint'
 char isprint ();
      ^
configure:19557: $? = 0
configure:19557: result: yes
configure:19557: checking for abort
configure:19557: gcc -o conftest -g -O2   conftest.c  >&5
conftest.c:92:6: warning: conflicting types for built-in function 'abort'
 char abort ();
      ^
configure:19557: $? = 0
configure:19557: result: yes
configure:19557: checking for exit
configure:19557: gcc -o conftest -g -O2   conftest.c  >&5
conftest.c:93:6: warning: conflicting types for built-in function 'exit'
 char exit ();
      ^
configure:19557: $? = 0
configure:19557: result: yes
configure:19569: checking for stat
configure:19569: gcc -o conftest -g -O2   conftest.c  >&5
configure:19569: $? = 0
configure:19569: result: yes
configure:19569: checking for toupper
configure:19569: gcc -o conftest -g -O2   conftest.c  >&5
conftest.c:95:6: warning: conflicting types for built-in function 'toupper'
 char toupper ();
      ^
configure:19569: $? = 0
configure:19569: result: yes
configure:19581: checking for strtok
configure:19581: gcc -o conftest -g -O2   conftest.c  >&5
configure:19581: $? = 0
configure:19581: result: yes
configure:19581: checking for strtok_r
configure:19581: gcc -o conftest -g -O2   conftest.c  >&5
configure:19581: $? = 0
configure:19581: result: yes
configure:19581: checking for strchr
configure:19581: gcc -o conftest -g -O2   conftest.c  >&5
conftest.c:98:6: warning: conflicting types for built-in function 'strchr'
 char strchr ();
      ^
configure:19581: $? = 0
configure:19581: result: yes
configure:19581: checking for strstr
configure:19581: gcc -o conftest -g -O2   conftest.c  >&5
conftest.c:99:6: warning: conflicting types for built-in function 'strstr'
 char strstr ();
      ^
configure:19581: $? = 0
configure:19581: result: yes
configure:19581: checking for strtol
configure:19581: gcc -o conftest -g -O2   conftest.c  >&5
configure:19581: $? = 0
configure:19581: result: yes
configure:19581: checking for strtoll
configure:19581: gcc -o conftest -g -O2   conftest.c  >&5
configure:19581: $? = 0
configure:19581: result: yes
configure:19592: checking for inet_pton
configure:19592: gcc -o conftest -g -O2   conftest.c  >&5
configure:19592: $? = 0
configure:19592: result: yes
configure:19603: checking for strncasecmp
configure:19603: gcc -o conftest -g -O2   conftest.c  >&5
conftest.c:103:6: warning: conflicting types for built-in function 'strncasecmp'
 char strncasecmp ();
      ^
configure:19603: $? = 0
configure:19603: result: yes
configure:19614: checking for qsort
configure:19614: gcc -o conftest -g -O2   conftest.c  >&5
configure:19614: $? = 0
configure:19614: result: yes
configure:19624: checking for strnlen
configure:19624: gcc -o conftest -g -O2   conftest.c  >&5
configure:19624: $? = 0
configure:19624: result: yes
configure:19644: gcc -E  conftest.c
configure:19644: $? = 0
configure:19655: checking for Judy1Next in -lJudy
configure:19680: gcc -o conftest -g -O2   conftest.c -lJudy   >&5
configure:19680: $? = 0
configure:19689: result: yes
configure:19807: checking for uint8_t
configure:19807: gcc -c -g -O2  conftest.c >&5
configure:19807: $? = 0
configure:19807: result: yes
configure:19821: checking for uint16_t
configure:19821: gcc -c -g -O2  conftest.c >&5
configure:19821: $? = 0
configure:19821: result: yes
configure:19833: checking for uint32_t
configure:19833: gcc -c -g -O2  conftest.c >&5
configure:19833: $? = 0
configure:19833: result: yes
configure:19847: checking for uint64_t
configure:19847: gcc -c -g -O2  conftest.c >&5
configure:19847: $? = 0
configure:19847: result: yes
configure:19861: checking for size_t
configure:19861: gcc -c -g -O2  conftest.c >&5
configure:19861: $? = 0
configure:19861: gcc -c -g -O2  conftest.c >&5
conftest.c: In function 'main':
conftest.c:119:21: error: expected expression before ')' token
 if (sizeof ((size_t)))
                     ^
configure:19861: $? = 1
configure: failed program was:
| /* confdefs.h */
| #define PACKAGE_NAME "PI"
| #define PACKAGE_TARNAME "pi"
| #define PACKAGE_VERSION "0.1"
| #define PACKAGE_STRING "PI 0.1"
| #define PACKAGE_BUGREPORT "antonin@barefootnetworks.com"
| #define PACKAGE_URL ""
| #define PACKAGE "pi"
| #define VERSION "0.1"
| #define HAVE_CXX11 1
| #define STDC_HEADERS 1
| #define HAVE_SYS_TYPES_H 1
| #define HAVE_SYS_STAT_H 1
| #define HAVE_STDLIB_H 1
| #define HAVE_STRING_H 1
| #define HAVE_MEMORY_H 1
| #define HAVE_STRINGS_H 1
| #define HAVE_INTTYPES_H 1
| #define HAVE_STDINT_H 1
| #define HAVE_UNISTD_H 1
| #define HAVE_DLFCN_H 1
| #define LT_OBJDIR ".libs/"
| #define HAVE_PTHREAD_PRIO_INHERIT 1
| #define HAVE_PTHREAD 1
| #define HAVE_STDLIB_H 1
| #define HAVE_STRING_H 1
| #define HAVE_ASSERT_H 1
| #define HAVE_STDIO_H 1
| #define HAVE_STDINT_H 1
| #define HAVE_STDBOOL_H 1
| #define HAVE_STDDEF_H 1
| #define HAVE_TIME_H 1
| #define HAVE_CTYPE_H 1
| #define HAVE_UNISTD_H 1
| #define HAVE_ARPA_INET_H 1
| #define HAVE_SYS_TYPES_H 1
| #define HAVE_SYS_STAT_H 1
| #define HAVE_INTTYPES_H 1
| #define HAVE_MALLOC 1
| #define HAVE_FREE 1
| #define HAVE_STRCMP 1
| #define HAVE_STRNCMP 1
| #define HAVE_STRCPY 1
| #define HAVE_STRNCPY 1
| #define HAVE_STRDUP 1
| #define HAVE_CALLOC 1
| #define HAVE_SPRINTF 1
| #define HAVE_SNPRINTF 1
| #define HAVE_PRINTF 1
| #define HAVE_FPRINTF 1
| #define HAVE_MEMCPY 1
| #define HAVE_FOPEN 1
| #define HAVE_FSEEK 1
| #define HAVE_FREAD 1
| #define HAVE_FPUTS 1
| #define HAVE_FPRINTF 1
| #define HAVE_DPRINTF 1
| #define HAVE_RAND 1
| #define HAVE_SRAND 1
| #define HAVE_TIME 1
| #define HAVE_ATOI 1
| #define HAVE_NTOHS 1
| #define HAVE_HTONS 1
| #define HAVE_NTOHL 1
| #define HAVE_HTONL 1
| #define HAVE_GETOPT 1
| #define HAVE_ISPRINT 1
| #define HAVE_ABORT 1
| #define HAVE_EXIT 1
| #define HAVE_STAT 1
| #define HAVE_TOUPPER 1
| #define HAVE_STRTOK 1
| #define HAVE_STRTOK_R 1
| #define HAVE_STRCHR 1
| #define HAVE_STRSTR 1
| #define HAVE_STRTOL 1
| #define HAVE_STRTOLL 1
| #define HAVE_INET_PTON 1
| #define HAVE_STRNCASECMP 1
| #define HAVE_QSORT 1
| #define HAVE_LIBJUDY 1
| /* end confdefs.h.  */
| #include <stdio.h>
| #ifdef HAVE_SYS_TYPES_H
| # include <sys/types.h>
| #endif
| #ifdef HAVE_SYS_STAT_H
| # include <sys/stat.h>
| #endif
| #ifdef STDC_HEADERS
| # include <stdlib.h>
| # include <stddef.h>
| #else
| # ifdef HAVE_STDLIB_H
| #  include <stdlib.h>
| # endif
| #endif
| #ifdef HAVE_STRING_H
| # if !defined STDC_HEADERS && defined HAVE_MEMORY_H
| #  include <memory.h>
| # endif
| # include <string.h>
| #endif
| #ifdef HAVE_STRINGS_H
| # include <strings.h>
| #endif
| #ifdef HAVE_INTTYPES_H
| # include <inttypes.h>
| #endif
| #ifdef HAVE_STDINT_H
| # include <stdint.h>
| #endif
| #ifdef HAVE_UNISTD_H
| # include <unistd.h>
| #endif
| int
| main ()
| {
| if (sizeof ((size_t)))
| 	    return 0;
|   ;
|   return 0;
| }
configure:19861: result: yes
configure:19873: checking if compiling with clang
configure:19891: gcc -c -g -O2  conftest.c >&5
conftest.c: In function 'main':
conftest.c:89:8: error: unknown type name 'not'
        not clang
        ^
configure:19891: $? = 1
configure: failed program was:
| /* confdefs.h */
| #define PACKAGE_NAME "PI"
| #define PACKAGE_TARNAME "pi"
| #define PACKAGE_VERSION "0.1"
| #define PACKAGE_STRING "PI 0.1"
| #define PACKAGE_BUGREPORT "antonin@barefootnetworks.com"
| #define PACKAGE_URL ""
| #define PACKAGE "pi"
| #define VERSION "0.1"
| #define HAVE_CXX11 1
| #define STDC_HEADERS 1
| #define HAVE_SYS_TYPES_H 1
| #define HAVE_SYS_STAT_H 1
| #define HAVE_STDLIB_H 1
| #define HAVE_STRING_H 1
| #define HAVE_MEMORY_H 1
| #define HAVE_STRINGS_H 1
| #define HAVE_INTTYPES_H 1
| #define HAVE_STDINT_H 1
| #define HAVE_UNISTD_H 1
| #define HAVE_DLFCN_H 1
| #define LT_OBJDIR ".libs/"
| #define HAVE_PTHREAD_PRIO_INHERIT 1
| #define HAVE_PTHREAD 1
| #define HAVE_STDLIB_H 1
| #define HAVE_STRING_H 1
| #define HAVE_ASSERT_H 1
| #define HAVE_STDIO_H 1
| #define HAVE_STDINT_H 1
| #define HAVE_STDBOOL_H 1
| #define HAVE_STDDEF_H 1
| #define HAVE_TIME_H 1
| #define HAVE_CTYPE_H 1
| #define HAVE_UNISTD_H 1
| #define HAVE_ARPA_INET_H 1
| #define HAVE_SYS_TYPES_H 1
| #define HAVE_SYS_STAT_H 1
| #define HAVE_INTTYPES_H 1
| #define HAVE_MALLOC 1
| #define HAVE_FREE 1
| #define HAVE_STRCMP 1
| #define HAVE_STRNCMP 1
| #define HAVE_STRCPY 1
| #define HAVE_STRNCPY 1
| #define HAVE_STRDUP 1
| #define HAVE_CALLOC 1
| #define HAVE_SPRINTF 1
| #define HAVE_SNPRINTF 1
| #define HAVE_PRINTF 1
| #define HAVE_FPRINTF 1
| #define HAVE_MEMCPY 1
| #define HAVE_FOPEN 1
| #define HAVE_FSEEK 1
| #define HAVE_FREAD 1
| #define HAVE_FPUTS 1
| #define HAVE_FPRINTF 1
| #define HAVE_DPRINTF 1
| #define HAVE_RAND 1
| #define HAVE_SRAND 1
| #define HAVE_TIME 1
| #define HAVE_ATOI 1
| #define HAVE_NTOHS 1
| #define HAVE_HTONS 1
| #define HAVE_NTOHL 1
| #define HAVE_HTONL 1
| #define HAVE_GETOPT 1
| #define HAVE_ISPRINT 1
| #define HAVE_ABORT 1
| #define HAVE_EXIT 1
| #define HAVE_STAT 1
| #define HAVE_TOUPPER 1
| #define HAVE_STRTOK 1
| #define HAVE_STRTOK_R 1
| #define HAVE_STRCHR 1
| #define HAVE_STRSTR 1
| #define HAVE_STRTOL 1
| #define HAVE_STRTOLL 1
| #define HAVE_INET_PTON 1
| #define HAVE_STRNCASECMP 1
| #define HAVE_QSORT 1
| #define HAVE_LIBJUDY 1
| /* end confdefs.h.  */
| 
| int
| main ()
| {
| 
| #ifndef __clang__
|        not clang
| #endif
| 
|   ;
|   return 0;
| }
configure:19897: result: no
configure:20054: checking that generated files are newer than configure
configure:20060: result: done
configure:20123: creating ./config.status

## ---------------------- ##
## Running config.status. ##
## ---------------------- ##

This file was extended by PI config.status 0.1, which was
generated by GNU Autoconf 2.69.  Invocation command line was

  CONFIG_FILES    = 
  CONFIG_HEADERS  = 
  CONFIG_LINKS    = 
  CONFIG_COMMANDS = 
  $ ./config.status 

on cxy-VirtualBox

config.status:1301: creating Makefile
config.status:1301: creating bin/Makefile
config.status:1301: creating CLI/Makefile
config.status:1301: creating examples/Makefile
config.status:1301: creating frontends_extra/Makefile
config.status:1301: creating generators/Makefile
config.status:1301: creating include/Makefile
config.status:1301: creating lib/Makefile
config.status:1301: creating src/Makefile
config.status:1301: creating targets/Makefile
config.status:1301: creating targets/dummy/Makefile
config.status:1301: creating targets/rpc/Makefile
config.status:1301: creating tests/Makefile
config.status:1301: creating tests/CLI/Makefile
config.status:1301: creating third_party/Makefile
config.status:1301: creating third_party/cJSON/Makefile
config.status:1301: creating third_party/unity/Makefile
config.status:1301: creating config.h
config.status:1530: executing depfiles commands
config.status:1530: executing libtool commands
configure:22615: === configuring in frontends_extra/cpp (/home/cxy/PI/frontends_extra/cpp)
configure:22678: running /bin/bash ./configure --disable-option-checking '--prefix=/usr/local'  '--with-proto' --cache-file=/dev/null --srcdir=.
configure:22615: === configuring in proto (/home/cxy/PI/proto)
configure:22678: running /bin/bash ./configure --disable-option-checking '--prefix=/usr/local'  '--with-proto' --cache-file=/dev/null --srcdir=.

## ---------------- ##
## Cache variables. ##
## ---------------- ##

ac_cv_build=i686-pc-linux-gnu
ac_cv_c_compiler_gnu=yes
ac_cv_c_uint16_t=yes
ac_cv_c_uint32_t=yes
ac_cv_c_uint64_t=yes
ac_cv_c_uint8_t=yes
ac_cv_cxx_compiler_gnu=yes
ac_cv_env_CCC_set=
ac_cv_env_CCC_value=
ac_cv_env_CC_set=
ac_cv_env_CC_value=
ac_cv_env_CFLAGS_set=
ac_cv_env_CFLAGS_value=
ac_cv_env_CPPFLAGS_set=
ac_cv_env_CPPFLAGS_value=
ac_cv_env_CPP_set=
ac_cv_env_CPP_value=
ac_cv_env_CXXCPP_set=
ac_cv_env_CXXCPP_value=
ac_cv_env_CXXFLAGS_set=
ac_cv_env_CXXFLAGS_value=
ac_cv_env_CXX_set=
ac_cv_env_CXX_value=
ac_cv_env_DOXYGEN_PAPER_SIZE_set=
ac_cv_env_DOXYGEN_PAPER_SIZE_value=
ac_cv_env_LDFLAGS_set=
ac_cv_env_LDFLAGS_value=
ac_cv_env_LIBS_set=
ac_cv_env_LIBS_value=
ac_cv_env_LT_SYS_LIBRARY_PATH_set=
ac_cv_env_LT_SYS_LIBRARY_PATH_value=
ac_cv_env_PYTHON_set=
ac_cv_env_PYTHON_value=
ac_cv_env_build_alias_set=
ac_cv_env_build_alias_value=
ac_cv_env_host_alias_set=
ac_cv_env_host_alias_value=
ac_cv_env_target_alias_set=
ac_cv_env_target_alias_value=
ac_cv_file__home_cxy_PI_third_party_googletest_googletest_src_gtest_cc=yes
ac_cv_func_abort=yes
ac_cv_func_atoi=yes
ac_cv_func_calloc=yes
ac_cv_func_dprintf=yes
ac_cv_func_exit=yes
ac_cv_func_fopen=yes
ac_cv_func_fprintf=yes
ac_cv_func_fputs=yes
ac_cv_func_fread=yes
ac_cv_func_free=yes
ac_cv_func_fseek=yes
ac_cv_func_getopt=yes
ac_cv_func_htonl=yes
ac_cv_func_htons=yes
ac_cv_func_inet_pton=yes
ac_cv_func_isprint=yes
ac_cv_func_malloc=yes
ac_cv_func_memcpy=yes
ac_cv_func_ntohl=yes
ac_cv_func_ntohs=yes
ac_cv_func_printf=yes
ac_cv_func_qsort=yes
ac_cv_func_rand=yes
ac_cv_func_snprintf=yes
ac_cv_func_sprintf=yes
ac_cv_func_srand=yes
ac_cv_func_stat=yes
ac_cv_func_strchr=yes
ac_cv_func_strcmp=yes
ac_cv_func_strcpy=yes
ac_cv_func_strdup=yes
ac_cv_func_strncasecmp=yes
ac_cv_func_strncmp=yes
ac_cv_func_strncpy=yes
ac_cv_func_strnlen=yes
ac_cv_func_strstr=yes
ac_cv_func_strtok=yes
ac_cv_func_strtok_r=yes
ac_cv_func_strtol=yes
ac_cv_func_strtoll=yes
ac_cv_func_time=yes
ac_cv_func_toupper=yes
ac_cv_header_arpa_inet_h=yes
ac_cv_header_assert_h=yes
ac_cv_header_ctype_h=yes
ac_cv_header_dlfcn_h=yes
ac_cv_header_inttypes_h=yes
ac_cv_header_memory_h=yes
ac_cv_header_stdbool_h=yes
ac_cv_header_stdc=yes
ac_cv_header_stddef_h=yes
ac_cv_header_stdint_h=yes
ac_cv_header_stdio_h=yes
ac_cv_header_stdlib_h=yes
ac_cv_header_string_h=yes
ac_cv_header_strings_h=yes
ac_cv_header_sys_stat_h=yes
ac_cv_header_sys_types_h=yes
ac_cv_header_time_h=yes
ac_cv_header_unistd_h=yes
ac_cv_host=i686-pc-linux-gnu
ac_cv_lib_Judy_Judy1Next=yes
ac_cv_objext=o
ac_cv_path_EGREP='/bin/grep -E'
ac_cv_path_FGREP='/bin/grep -F'
ac_cv_path_GREP=/bin/grep
ac_cv_path_PYTHON=/usr/bin/python2
ac_cv_path_SED=/bin/sed
ac_cv_path_ac_pt_DX_PERL=/usr/bin/perl
ac_cv_path_install='/usr/bin/install -c'
ac_cv_path_lt_DD=/bin/dd
ac_cv_path_mkdir=/bin/mkdir
ac_cv_prog_AWK=mawk
ac_cv_prog_CPP='gcc -E'
ac_cv_prog_CXXCPP='g++ -E'
ac_cv_prog_ac_ct_AR=ar
ac_cv_prog_ac_ct_CC=gcc
ac_cv_prog_ac_ct_CXX=g++
ac_cv_prog_ac_ct_MANIFEST_TOOL=mt
ac_cv_prog_ac_ct_OBJDUMP=objdump
ac_cv_prog_ac_ct_RANLIB=ranlib
ac_cv_prog_ac_ct_STRIP=strip
ac_cv_prog_cc_c89=
ac_cv_prog_cc_c99=
ac_cv_prog_cc_g=yes
ac_cv_prog_cxx_g=yes
ac_cv_prog_make_make_set=yes
ac_cv_type_size_t=yes
am_cv_CC_dependencies_compiler_type=gcc3
am_cv_CXX_dependencies_compiler_type=gcc3
am_cv_make_support_nested_variables=yes
am_cv_pathless_PYTHON=python2
am_cv_prog_cc_c_o=yes
am_cv_python_platform=linux2
am_cv_python_pyexecdir='${exec_prefix}/lib/python2.7/dist-packages'
am_cv_python_pythondir='${prefix}/lib/python2.7/dist-packages'
am_cv_python_version=2.7
ax_cv_PTHREAD_CLANG=no
ax_cv_PTHREAD_JOINABLE_ATTR=PTHREAD_CREATE_JOINABLE
ax_cv_PTHREAD_PRIO_INHERIT=yes
ax_cv_PTHREAD_SPECIAL_FLAGS=no
ax_cv_cxx_compile_cxx11=no
ax_cv_cxx_compile_cxx11__std_cpp11=yes
lt_cv_ar_at_file=@
lt_cv_archive_cmds_need_lc=no
lt_cv_deplibs_check_method=pass_all
lt_cv_file_magic_cmd='$MAGIC_CMD'
lt_cv_file_magic_test_file=
lt_cv_ld_reload_flag=-r
lt_cv_nm_interface='BSD nm'
lt_cv_objdir=.libs
lt_cv_path_LD=/usr/bin/ld
lt_cv_path_LDCXX=/usr/bin/ld
lt_cv_path_NM='/usr/bin/nm -B'
lt_cv_path_mainfest_tool=no
lt_cv_prog_compiler_c_o=yes
lt_cv_prog_compiler_c_o_CXX=yes
lt_cv_prog_compiler_pic='-fPIC -DPIC'
lt_cv_prog_compiler_pic_CXX='-fPIC -DPIC'
lt_cv_prog_compiler_pic_works=yes
lt_cv_prog_compiler_pic_works_CXX=yes
lt_cv_prog_compiler_rtti_exceptions=no
lt_cv_prog_compiler_static_works=yes
lt_cv_prog_compiler_static_works_CXX=yes
lt_cv_prog_gnu_ld=yes
lt_cv_prog_gnu_ldcxx=yes
lt_cv_sharedlib_from_linklib_cmd='printf %s\n'
lt_cv_shlibpath_overrides_runpath=no
lt_cv_sys_global_symbol_pipe='sed -n -e '\''s/^.*[	 ]\([ABCDGIRSTW][ABCDGIRSTW]*\)[	 ][	 ]*\([_A-Za-z][_A-Za-z0-9]*\)$/\1 \2 \2/p'\'' | sed '\''/ __gnu_lto/d'\'''
lt_cv_sys_global_symbol_to_c_name_address='sed -n -e '\''s/^: \(.*\) .*$/  {"\1", (void *) 0},/p'\'' -e '\''s/^[ABCDGIRSTW][ABCDGIRSTW]* .* \(.*\)$/  {"\1", (void *) \&\1},/p'\'''
lt_cv_sys_global_symbol_to_c_name_address_lib_prefix='sed -n -e '\''s/^: \(.*\) .*$/  {"\1", (void *) 0},/p'\'' -e '\''s/^[ABCDGIRSTW][ABCDGIRSTW]* .* \(lib.*\)$/  {"\1", (void *) \&\1},/p'\'' -e '\''s/^[ABCDGIRSTW][ABCDGIRSTW]* .* \(.*\)$/  {"lib\1", (void *) \&\1},/p'\'''
lt_cv_sys_global_symbol_to_cdecl='sed -n -e '\''s/^T .* \(.*\)$/extern int \1();/p'\'' -e '\''s/^[ABCDGIRSTW][ABCDGIRSTW]* .* \(.*\)$/extern char \1;/p'\'''
lt_cv_sys_global_symbol_to_import=
lt_cv_sys_max_cmd_len=1572864
lt_cv_to_host_file_cmd=func_convert_file_noop
lt_cv_to_tool_file_cmd=func_convert_file_noop
lt_cv_truncate_bin='/bin/dd bs=4096 count=1'

## ----------------- ##
## Output variables. ##
## ----------------- ##

ACLOCAL='${SHELL} /home/cxy/PI/missing aclocal-1.15'
AMDEPBACKSLASH='\'
AMDEP_FALSE='#'
AMDEP_TRUE=''
AMTAR='$${TAR-tar}'
AM_BACKSLASH='\'
AM_CFLAGS='-pthread -Wall -Wextra'
AM_CPPFLAGS='-DPI_LOG_ON -isystem/usr/local/include'
AM_DEFAULT_V='$(AM_DEFAULT_VERBOSITY)'
AM_DEFAULT_VERBOSITY='1'
AM_LDFLAGS='-L/usr/local/lib'
AM_V='$(V)'
AR='ar'
AUTOCONF='${SHELL} /home/cxy/PI/missing autoconf'
AUTOHEADER='${SHELL} /home/cxy/PI/missing autoheader'
AUTOMAKE='${SHELL} /home/cxy/PI/missing automake-1.15'
AWK='mawk'
BM_SIMPLE_SWITCH=''
CC='gcc'
CCDEPMODE='depmode=gcc3'
CFLAGS='-g -O2'
CPP='gcc -E'
CPPFLAGS=''
CXX='g++'
CXXCPP='g++ -E'
CXXDEPMODE='depmode=gcc3'
CXXFLAGS='-g -O2 -std=c++11'
CYGPATH_W='echo'
DEFS='-DHAVE_CONFIG_H'
DEPDIR='.deps'
DLLTOOL='false'
DOT_PATH=''
DOXYGEN_PAPER_SIZE=''
DSYMUTIL=''
DUMPBIN=''
DX_CONFIG='$(top_srcdir)/docs/doxygen.cfg'
DX_DOCDIR='doxygen-out'
DX_DOT=''
DX_DOXYGEN=''
DX_DVIPS=''
DX_EGREP=''
DX_ENV=' SRCDIR='\''.'\'' PROJECT='\''PI'\'' VERSION='\''0.1'\'' HAVE_DOT='\''NO'\'' GENERATE_MAN='\''NO'\'' GENERATE_RTF='\''NO'\'' GENERATE_XML='\''NO'\'' GENERATE_HTMLHELP='\''NO'\'' GENERATE_CHI='\''NO'\'' GENERATE_HTML='\''NO'\'' GENERATE_LATEX='\''NO'\'''
DX_FLAG_chi='0'
DX_FLAG_chm='0'
DX_FLAG_doc='0'
DX_FLAG_dot='0'
DX_FLAG_html='0'
DX_FLAG_man='0'
DX_FLAG_pdf='0'
DX_FLAG_ps='0'
DX_FLAG_rtf='0'
DX_FLAG_xml='0'
DX_HHC=''
DX_LATEX=''
DX_MAKEINDEX=''
DX_PDFLATEX=''
DX_PERL='/usr/bin/perl'
DX_PROJECT='PI'
DX_RULES=''
ECHO_C=''
ECHO_N='-n'
ECHO_T=''
EGREP='/bin/grep -E'
EXEEXT=''
FGREP='/bin/grep -F'
GENERATE_CHI='NO'
GENERATE_HTML='NO'
GENERATE_HTMLHELP='NO'
GENERATE_LATEX='NO'
GENERATE_MAN='NO'
GENERATE_RTF='NO'
GENERATE_XML='NO'
GREP='/bin/grep'
HAVE_CXX11='1'
HAVE_DOT='NO'
HAVE_PYTHON2_FALSE='#'
HAVE_PYTHON2_TRUE=''
HHC_PATH=''
INSTALL_DATA='${INSTALL} -m 644'
INSTALL_PROGRAM='${INSTALL}'
INSTALL_SCRIPT='${INSTALL}'
INSTALL_STRIP_PROGRAM='$(install_sh) -c -s'
LD='/usr/bin/ld'
LDFLAGS=''
LIBOBJS=''
LIBS='-lJudy '
LIBTOOL='$(SHELL) $(top_builddir)/libtool'
LIPO=''
LN_S='ln -s'
LTLIBOBJS=''
LT_SYS_LIBRARY_PATH=''
MAKEINFO='${SHELL} /home/cxy/PI/missing makeinfo'
MANIFEST_TOOL=':'
MKDIR_P='/bin/mkdir -p'
NM='/usr/bin/nm -B'
NMEDIT=''
OBJDUMP='objdump'
OBJEXT='o'
OTOOL64=''
OTOOL=''
PACKAGE='pi'
PACKAGE_BUGREPORT='antonin@barefootnetworks.com'
PACKAGE_NAME='PI'
PACKAGE_STRING='PI 0.1'
PACKAGE_TARNAME='pi'
PACKAGE_URL=''
PACKAGE_VERSION='0.1'
PAPER_SIZE=''
PATH_SEPARATOR=':'
PERL_PATH=''
PROJECT='PI'
PTHREAD_CC='gcc'
PTHREAD_CFLAGS='-pthread'
PTHREAD_LIBS=''
PYTHON='/usr/bin/python2'
PYTHON_EXEC_PREFIX='${exec_prefix}'
PYTHON_PLATFORM='linux2'
PYTHON_PREFIX='${prefix}'
PYTHON_VERSION='2.7'
RANLIB='ranlib'
SED='/bin/sed'
SET_MAKE=''
SHELL='/bin/bash'
SRCDIR='.'
STRIP='strip'
VERSION='0.1'
WITH_BMV2_FALSE=''
WITH_BMV2_TRUE='#'
WITH_CLI_FALSE=''
WITH_CLI_TESTS_FALSE=''
WITH_CLI_TESTS_TRUE='#'
WITH_CLI_TRUE='#'
WITH_FE_CPP_FALSE='#'
WITH_FE_CPP_TRUE=''
WITH_GTEST_FALSE='#'
WITH_GTEST_TRUE=''
WITH_INTERNAL_RPC_FALSE=''
WITH_INTERNAL_RPC_TRUE='#'
WITH_PROTO_FALSE='#'
WITH_PROTO_TRUE=''
WITH_SIMPLE_SWITCH_FALSE=''
WITH_SIMPLE_SWITCH_TRUE='#'
ac_ct_AR='ar'
ac_ct_CC='gcc'
ac_ct_CXX='g++'
ac_ct_DUMPBIN=''
am__EXEEXT_FALSE=''
am__EXEEXT_TRUE='#'
am__fastdepCC_FALSE='#'
am__fastdepCC_TRUE=''
am__fastdepCXX_FALSE='#'
am__fastdepCXX_TRUE=''
am__include='include'
am__isrc=''
am__leading_dot='.'
am__nodep='_no'
am__quote=''
am__tar='$${TAR-tar} chof - "$$tardir"'
am__untar='$${TAR-tar} xf -'
ax_pthread_config=''
bindir='${exec_prefix}/bin'
build='i686-pc-linux-gnu'
build_alias=''
build_cpu='i686'
build_os='linux-gnu'
build_vendor='pc'
datadir='${datarootdir}'
datarootdir='${prefix}/share'
docdir='${datarootdir}/doc/${PACKAGE_TARNAME}'
dvidir='${docdir}'
exec_prefix='${prefix}'
host='i686-pc-linux-gnu'
host_alias=''
host_cpu='i686'
host_os='linux-gnu'
host_vendor='pc'
htmldir='${docdir}'
includedir='${prefix}/include'
infodir='${datarootdir}/info'
install_sh='${SHELL} /home/cxy/PI/install-sh'
libdir='${exec_prefix}/lib'
libexecdir='${exec_prefix}/libexec'
localedir='${datarootdir}/locale'
localstatedir='${prefix}/var'
mandir='${datarootdir}/man'
mkdir_p='$(MKDIR_P)'
oldincludedir='/usr/include'
pdfdir='${docdir}'
pkgpyexecdir='${pyexecdir}/pi'
pkgpythondir='${pythondir}/pi'
prefix='/usr/local'
program_transform_name='s,x,x,'
psdir='${docdir}'
pyexecdir='${exec_prefix}/lib/python2.7/dist-packages'
pythondir='${prefix}/lib/python2.7/dist-packages'
runstatedir='${localstatedir}/run'
sbindir='${exec_prefix}/sbin'
sharedstatedir='${prefix}/com'
subdirs=' frontends_extra/cpp proto'
sysconfdir='${prefix}/etc'
target_alias=''

## ----------- ##
## confdefs.h. ##
## ----------- ##

/* confdefs.h */
#define PACKAGE_NAME "PI"
#define PACKAGE_TARNAME "pi"
#define PACKAGE_VERSION "0.1"
#define PACKAGE_STRING "PI 0.1"
#define PACKAGE_BUGREPORT "antonin@barefootnetworks.com"
#define PACKAGE_URL ""
#define PACKAGE "pi"
#define VERSION "0.1"
#define HAVE_CXX11 1
#define STDC_HEADERS 1
#define HAVE_SYS_TYPES_H 1
#define HAVE_SYS_STAT_H 1
#define HAVE_STDLIB_H 1
#define HAVE_STRING_H 1
#define HAVE_MEMORY_H 1
#define HAVE_STRINGS_H 1
#define HAVE_INTTYPES_H 1
#define HAVE_STDINT_H 1
#define HAVE_UNISTD_H 1
#define HAVE_DLFCN_H 1
#define LT_OBJDIR ".libs/"
#define HAVE_PTHREAD_PRIO_INHERIT 1
#define HAVE_PTHREAD 1
#define HAVE_STDLIB_H 1
#define HAVE_STRING_H 1
#define HAVE_ASSERT_H 1
#define HAVE_STDIO_H 1
#define HAVE_STDINT_H 1
#define HAVE_STDBOOL_H 1
#define HAVE_STDDEF_H 1
#define HAVE_TIME_H 1
#define HAVE_CTYPE_H 1
#define HAVE_UNISTD_H 1
#define HAVE_ARPA_INET_H 1
#define HAVE_SYS_TYPES_H 1
#define HAVE_SYS_STAT_H 1
#define HAVE_INTTYPES_H 1
#define HAVE_MALLOC 1
#define HAVE_FREE 1
#define HAVE_STRCMP 1
#define HAVE_STRNCMP 1
#define HAVE_STRCPY 1
#define HAVE_STRNCPY 1
#define HAVE_STRDUP 1
#define HAVE_CALLOC 1
#define HAVE_SPRINTF 1
#define HAVE_SNPRINTF 1
#define HAVE_PRINTF 1
#define HAVE_FPRINTF 1
#define HAVE_MEMCPY 1
#define HAVE_FOPEN 1
#define HAVE_FSEEK 1
#define HAVE_FREAD 1
#define HAVE_FPUTS 1
#define HAVE_FPRINTF 1
#define HAVE_DPRINTF 1
#define HAVE_RAND 1
#define HAVE_SRAND 1
#define HAVE_TIME 1
#define HAVE_ATOI 1
#define HAVE_NTOHS 1
#define HAVE_HTONS 1
#define HAVE_NTOHL 1
#define HAVE_HTONL 1
#define HAVE_GETOPT 1
#define HAVE_ISPRINT 1
#define HAVE_ABORT 1
#define HAVE_EXIT 1
#define HAVE_STAT 1
#define HAVE_TOUPPER 1
#define HAVE_STRTOK 1
#define HAVE_STRTOK_R 1
#define HAVE_STRCHR 1
#define HAVE_STRSTR 1
#define HAVE_STRTOL 1
#define HAVE_STRTOLL 1
#define HAVE_INET_PTON 1
#define HAVE_STRNCASECMP 1
#define HAVE_QSORT 1
#define HAVE_LIBJUDY 1

configure: exit 0
