This file contains any messages produced by compilers while
running configure, to aid debugging if configure makes a mistake.

It was created by PI-proto configure 0.1, which was
generated by GNU Autoconf 2.69.  Invocation command line was

  $ ./configure --disable-option-checking --prefix=/usr/local --with-proto --cache-file=/dev/null --srcdir=.

## --------- ##
## Platform. ##
## --------- ##

hostname = cxy-VirtualBox
uname -m = i686
uname -r = 4.15.0-45-generic
uname -s = Linux
uname -v = #48~16.04.1-Ubuntu SMP Tue Jan 29 18:03:19 UTC 2019

/usr/bin/uname -p = unknown
/bin/uname -X     = unknown

/bin/arch              = unknown
/usr/bin/arch -k       = unknown
/usr/convex/getsysinfo = unknown
/usr/bin/hostinfo      = unknown
/bin/machine           = unknown
/usr/bin/oslevel       = unknown
/bin/universe          = unknown

PATH: /home/cxy/bin
PATH: /home/cxy/.local/bin
PATH: /usr/local/sbin
PATH: /usr/local/bin
PATH: /usr/sbin
PATH: /usr/bin
PATH: /sbin
PATH: /bin
PATH: /usr/games
PATH: /usr/local/games
PATH: /snap/bin


## ----------- ##
## Core tests. ##
## ----------- ##

configure:2397: checking for a BSD-compatible install
configure:2465: result: /usr/bin/install -c
configure:2476: checking whether build environment is sane
configure:2531: result: yes
configure:2682: checking for a thread-safe mkdir -p
configure:2721: result: /bin/mkdir -p
configure:2728: checking for gawk
configure:2758: result: no
configure:2728: checking for mawk
configure:2744: found /usr/bin/mawk
configure:2755: result: mawk
configure:2766: checking whether make sets $(MAKE)
configure:2788: result: yes
configure:2817: checking whether make supports nested variables
configure:2834: result: yes
configure:3011: checking for gcc
configure:3027: found /usr/bin/gcc
configure:3038: result: gcc
configure:3267: checking for C compiler version
configure:3276: gcc --version >&5
gcc (Ubuntu 5.4.0-6ubuntu1~16.04.11) 5.4.0 20160609
Copyright (C) 2015 Free Software Foundation, Inc.
This is free software; see the source for copying conditions.  There is NO
warranty; not even for MERCHANTABILITY or FITNESS FOR A PARTICULAR PURPOSE.

configure:3287: $? = 0
configure:3276: gcc -v >&5
Using built-in specs.
COLLECT_GCC=gcc
COLLECT_LTO_WRAPPER=/usr/lib/gcc/i686-linux-gnu/5/lto-wrapper
Target: i686-linux-gnu
Configured with: ../src/configure -v --with-pkgversion='Ubuntu 5.4.0-6ubuntu1~16.04.11' --with-bugurl=file:///usr/share/doc/gcc-5/README.Bugs --enable-languages=c,ada,c++,java,go,d,fortran,objc,obj-c++ --prefix=/usr --program-suffix=-5 --enable-shared --enable-linker-build-id --libexecdir=/usr/lib --without-included-gettext --enable-threads=posix --libdir=/usr/lib --enable-nls --with-sysroot=/ --enable-clocale=gnu --enable-libstdcxx-debug --enable-libstdcxx-time=yes --with-default-libstdcxx-abi=new --enable-gnu-unique-object --disable-vtable-verify --enable-libmpx --enable-plugin --with-system-zlib --disable-browser-plugin --enable-java-awt=gtk --enable-gtk-cairo --with-java-home=/usr/lib/jvm/java-1.5.0-gcj-5-i386/jre --enable-java-home --with-jvm-root-dir=/usr/lib/jvm/java-1.5.0-gcj-5-i386 --with-jvm-jar-dir=/usr/lib/jvm-exports/java-1.5.0-gcj-5-i386 --with-arch-directory=i386 --with-ecj-jar=/usr/share/java/eclipse-ecj.jar --enable-objc-gc --enable-targets=all --enable-multiarch --disable-werror --with-arch-32=i686 --with-multilib-list=m32,m64,mx32 --enable-multilib --with-tune=generic --enable-checking=release --build=i686-linux-gnu --host=i686-linux-gnu --target=i686-linux-gnu
Thread model: posix
gcc version 5.4.0 20160609 (Ubuntu 5.4.0-6ubuntu1~16.04.11) 
configure:3287: $? = 0
configure:3276: gcc -V >&5
gcc: error: unrecognized command line option '-V'
gcc: fatal error: no input files
compilation terminated.
configure:3287: $? = 1
configure:3276: gcc -qversion >&5
gcc: error: unrecognized command line option '-qversion'
gcc: fatal error: no input files
compilation terminated.
configure:3287: $? = 1
configure:3307: checking whether the C compiler works
configure:3329: gcc    conftest.c  >&5
configure:3333: $? = 0
configure:3381: result: yes
configure:3384: checking for C compiler default output file name
configure:3386: result: a.out
configure:3392: checking for suffix of executables
configure:3399: gcc -o conftest    conftest.c  >&5
configure:3403: $? = 0
configure:3425: result: 
configure:3447: checking whether we are cross compiling
configure:3455: gcc -o conftest    conftest.c  >&5
configure:3459: $? = 0
configure:3466: ./conftest
configure:3470: $? = 0
configure:3485: result: no
configure:3490: checking for suffix of object files
configure:3512: gcc -c   conftest.c >&5
configure:3516: $? = 0
configure:3537: result: o
configure:3541: checking whether we are using the GNU C compiler
configure:3560: gcc -c   conftest.c >&5
configure:3560: $? = 0
configure:3569: result: yes
configure:3578: checking whether gcc accepts -g
configure:3598: gcc -c -g  conftest.c >&5
configure:3598: $? = 0
configure:3639: result: yes
configure:3656: checking for gcc option to accept ISO C89
configure:3719: gcc  -c -g -O2  conftest.c >&5
configure:3719: $? = 0
configure:3732: result: none needed
configure:3757: checking whether gcc understands -c and -o together
configure:3779: gcc -c conftest.c -o conftest2.o
configure:3782: $? = 0
configure:3779: gcc -c conftest.c -o conftest2.o
configure:3782: $? = 0
configure:3794: result: yes
configure:3822: checking for style of include used by make
configure:3850: result: GNU
configure:3876: checking dependency style of gcc
configure:3987: result: gcc3
configure:4060: checking for g++
configure:4076: found /usr/bin/g++
configure:4087: result: g++
configure:4114: checking for C++ compiler version
configure:4123: g++ --version >&5
g++ (Ubuntu 5.4.0-6ubuntu1~16.04.11) 5.4.0 20160609
Copyright (C) 2015 Free Software Foundation, Inc.
This is free software; see the source for copying conditions.  There is NO
warranty; not even for MERCHANTABILITY or FITNESS FOR A PARTICULAR PURPOSE.

configure:4134: $? = 0
configure:4123: g++ -v >&5
Using built-in specs.
COLLECT_GCC=g++
COLLECT_LTO_WRAPPER=/usr/lib/gcc/i686-linux-gnu/5/lto-wrapper
Target: i686-linux-gnu
Configured with: ../src/configure -v --with-pkgversion='Ubuntu 5.4.0-6ubuntu1~16.04.11' --with-bugurl=file:///usr/share/doc/gcc-5/README.Bugs --enable-languages=c,ada,c++,java,go,d,fortran,objc,obj-c++ --prefix=/usr --program-suffix=-5 --enable-shared --enable-linker-build-id --libexecdir=/usr/lib --without-included-gettext --enable-threads=posix --libdir=/usr/lib --enable-nls --with-sysroot=/ --enable-clocale=gnu --enable-libstdcxx-debug --enable-libstdcxx-time=yes --with-default-libstdcxx-abi=new --enable-gnu-unique-object --disable-vtable-verify --enable-libmpx --enable-plugin --with-system-zlib --disable-browser-plugin --enable-java-awt=gtk --enable-gtk-cairo --with-java-home=/usr/lib/jvm/java-1.5.0-gcj-5-i386/jre --enable-java-home --with-jvm-root-dir=/usr/lib/jvm/java-1.5.0-gcj-5-i386 --with-jvm-jar-dir=/usr/lib/jvm-exports/java-1.5.0-gcj-5-i386 --with-arch-directory=i386 --with-ecj-jar=/usr/share/java/eclipse-ecj.jar --enable-objc-gc --enable-targets=all --enable-multiarch --disable-werror --with-arch-32=i686 --with-multilib-list=m32,m64,mx32 --enable-multilib --with-tune=generic --enable-checking=release --build=i686-linux-gnu --host=i686-linux-gnu --target=i686-linux-gnu
Thread model: posix
gcc version 5.4.0 20160609 (Ubuntu 5.4.0-6ubuntu1~16.04.11) 
configure:4134: $? = 0
configure:4123: g++ -V >&5
g++: error: unrecognized command line option '-V'
g++: fatal error: no input files
compilation terminated.
configure:4134: $? = 1
configure:4123: g++ -qversion >&5
g++: error: unrecognized command line option '-qversion'
g++: fatal error: no input files
compilation terminated.
configure:4134: $? = 1
configure:4138: checking whether we are using the GNU C++ compiler
configure:4157: g++ -c   conftest.cpp >&5
configure:4157: $? = 0
configure:4166: result: yes
configure:4175: checking whether g++ accepts -g
configure:4195: g++ -c -g  conftest.cpp >&5
configure:4195: $? = 0
configure:4236: result: yes
configure:4261: checking dependency style of g++
configure:4372: result: gcc3
configure:4416: checking build system type
configure:4430: result: i686-pc-linux-gnu
configure:4450: checking host system type
configure:4463: result: i686-pc-linux-gnu
configure:4504: checking how to print strings
configure:4531: result: printf
configure:4552: checking for a sed that does not truncate output
configure:4616: result: /bin/sed
configure:4634: checking for grep that handles long lines and -e
configure:4692: result: /bin/grep
configure:4697: checking for egrep
configure:4759: result: /bin/grep -E
configure:4764: checking for fgrep
configure:4826: result: /bin/grep -F
configure:4861: checking for ld used by gcc
configure:4928: result: /usr/bin/ld
configure:4935: checking if the linker (/usr/bin/ld) is GNU ld
configure:4950: result: yes
configure:4962: checking for BSD- or MS-compatible name lister (nm)
configure:5016: result: /usr/bin/nm -B
configure:5146: checking the name lister (/usr/bin/nm -B) interface
configure:5153: gcc -c -g -O2  conftest.c >&5
configure:5156: /usr/bin/nm -B "conftest.o"
configure:5159: output
00000000 B some_variable
configure:5166: result: BSD nm
configure:5169: checking whether ln -s works
configure:5173: result: yes
configure:5181: checking the maximum length of command line arguments
configure:5312: result: 1572864
configure:5360: checking how to convert i686-pc-linux-gnu file names to i686-pc-linux-gnu format
configure:5400: result: func_convert_file_noop
configure:5407: checking how to convert i686-pc-linux-gnu file names to toolchain format
configure:5427: result: func_convert_file_noop
configure:5434: checking for /usr/bin/ld option to reload object files
configure:5441: result: -r
configure:5515: checking for objdump
configure:5531: found /usr/bin/objdump
configure:5542: result: objdump
configure:5574: checking how to recognize dependent libraries
configure:5774: result: pass_all
configure:5859: checking for dlltool
configure:5889: result: no
configure:5919: checking how to associate runtime and link libraries
configure:5946: result: printf %s\n
configure:6007: checking for ar
configure:6023: found /usr/bin/ar
configure:6034: result: ar
configure:6071: checking for archiver @FILE support
configure:6088: gcc -c -g -O2  conftest.c >&5
configure:6088: $? = 0
configure:6091: ar cru libconftest.a @conftest.lst >&5
ar: `u' modifier ignored since `D' is the default (see `U')
configure:6094: $? = 0
configure:6099: ar cru libconftest.a @conftest.lst >&5
ar: `u' modifier ignored since `D' is the default (see `U')
ar: conftest.o: No such file or directory
configure:6102: $? = 1
configure:6114: result: @
configure:6172: checking for strip
configure:6188: found /usr/bin/strip
configure:6199: result: strip
configure:6271: checking for ranlib
configure:6287: found /usr/bin/ranlib
configure:6298: result: ranlib
configure:6400: checking command to parse /usr/bin/nm -B output from gcc object
configure:6553: gcc -c -g -O2  conftest.c >&5
configure:6556: $? = 0
configure:6560: /usr/bin/nm -B conftest.o \| sed -n -e 's/^.*[ ]\([ABCDGIRSTW][ABCDGIRSTW]*\)[ ][ ]*\([_A-Za-z][_A-Za-z0-9]*\)$/\1 \2 \2/p' | sed '/ __gnu_lto/d' \> conftest.nm
configure:6563: $? = 0
configure:6629: gcc -o conftest -g -O2   conftest.c conftstm.o >&5
configure:6632: $? = 0
configure:6670: result: ok
configure:6717: checking for sysroot
configure:6747: result: no
configure:6754: checking for a working dd
configure:6792: result: /bin/dd
configure:6796: checking how to truncate binary pipes
configure:6811: result: /bin/dd bs=4096 count=1
configure:7140: checking for mt
configure:7156: found /bin/mt
configure:7167: result: mt
configure:7190: checking if mt is a manifest tool
configure:7196: mt '-?'
configure:7204: result: no
configure:7881: checking how to run the C preprocessor
configure:7912: gcc -E  conftest.c
configure:7912: $? = 0
configure:7926: gcc -E  conftest.c
conftest.c:11:28: fatal error: ac_nonexistent.h: No such file or directory
compilation terminated.
configure:7926: $? = 1
configure: failed program was:
| /* confdefs.h */
| #define PACKAGE_NAME "PI-proto"
| #define PACKAGE_TARNAME "pi-proto"
| #define PACKAGE_VERSION "0.1"
| #define PACKAGE_STRING "PI-proto 0.1"
| #define PACKAGE_BUGREPORT ""
| #define PACKAGE_URL ""
| #define PACKAGE "pi-proto"
| #define VERSION "0.1"
| /* end confdefs.h.  */
| #include <ac_nonexistent.h>
configure:7951: result: gcc -E
configure:7971: gcc -E  conftest.c
configure:7971: $? = 0
configure:7985: gcc -E  conftest.c
conftest.c:11:28: fatal error: ac_nonexistent.h: No such file or directory
compilation terminated.
configure:7985: $? = 1
configure: failed program was:
| /* confdefs.h */
| #define PACKAGE_NAME "PI-proto"
| #define PACKAGE_TARNAME "pi-proto"
| #define PACKAGE_VERSION "0.1"
| #define PACKAGE_STRING "PI-proto 0.1"
| #define PACKAGE_BUGREPORT ""
| #define PACKAGE_URL ""
| #define PACKAGE "pi-proto"
| #define VERSION "0.1"
| /* end confdefs.h.  */
| #include <ac_nonexistent.h>
configure:8014: checking for ANSI C header files
configure:8034: gcc -c -g -O2  conftest.c >&5
configure:8034: $? = 0
configure:8107: gcc -o conftest -g -O2   conftest.c  >&5
configure:8107: $? = 0
configure:8107: ./conftest
configure:8107: $? = 0
configure:8118: result: yes
configure:8131: checking for sys/types.h
configure:8131: gcc -c -g -O2  conftest.c >&5
configure:8131: $? = 0
configure:8131: result: yes
configure:8131: checking for sys/stat.h
configure:8131: gcc -c -g -O2  conftest.c >&5
configure:8131: $? = 0
configure:8131: result: yes
configure:8131: checking for stdlib.h
configure:8131: gcc -c -g -O2  conftest.c >&5
configure:8131: $? = 0
configure:8131: result: yes
configure:8131: checking for string.h
configure:8131: gcc -c -g -O2  conftest.c >&5
configure:8131: $? = 0
configure:8131: result: yes
configure:8131: checking for memory.h
configure:8131: gcc -c -g -O2  conftest.c >&5
configure:8131: $? = 0
configure:8131: result: yes
configure:8131: checking for strings.h
configure:8131: gcc -c -g -O2  conftest.c >&5
configure:8131: $? = 0
configure:8131: result: yes
configure:8131: checking for inttypes.h
configure:8131: gcc -c -g -O2  conftest.c >&5
configure:8131: $? = 0
configure:8131: result: yes
configure:8131: checking for stdint.h
configure:8131: gcc -c -g -O2  conftest.c >&5
configure:8131: $? = 0
configure:8131: result: yes
configure:8131: checking for unistd.h
configure:8131: gcc -c -g -O2  conftest.c >&5
configure:8131: $? = 0
configure:8131: result: yes
configure:8145: checking for dlfcn.h
configure:8145: gcc -c -g -O2  conftest.c >&5
configure:8145: $? = 0
configure:8145: result: yes
configure:8412: checking for objdir
configure:8427: result: .libs
configure:8691: checking if gcc supports -fno-rtti -fno-exceptions
configure:8709: gcc -c -g -O2  -fno-rtti -fno-exceptions conftest.c >&5
cc1: warning: command line option '-fno-rtti' is valid for C++/ObjC++ but not for C
configure:8713: $? = 0
configure:8726: result: no
configure:9084: checking for gcc option to produce PIC
configure:9091: result: -fPIC -DPIC
configure:9099: checking if gcc PIC flag -fPIC -DPIC works
configure:9117: gcc -c -g -O2  -fPIC -DPIC -DPIC conftest.c >&5
configure:9121: $? = 0
configure:9134: result: yes
configure:9163: checking if gcc static flag -static works
configure:9191: result: yes
configure:9206: checking if gcc supports -c -o file.o
configure:9227: gcc -c -g -O2  -o out/conftest2.o conftest.c >&5
configure:9231: $? = 0
configure:9253: result: yes
configure:9261: checking if gcc supports -c -o file.o
configure:9308: result: yes
configure:9341: checking whether the gcc linker (/usr/bin/ld) supports shared libraries
configure:10604: result: yes
configure:10641: checking whether -lc should be explicitly linked in
configure:10649: gcc -c -g -O2  conftest.c >&5
configure:10652: $? = 0
configure:10667: gcc -shared  -fPIC -DPIC conftest.o  -v -Wl,-soname -Wl,conftest -o conftest 2\>\&1 \| /bin/grep  -lc  \>/dev/null 2\>\&1
configure:10670: $? = 0
configure:10684: result: no
configure:10844: checking dynamic linker characteristics
configure:11425: gcc -o conftest -g -O2   -Wl,-rpath -Wl,/foo conftest.c  >&5
configure:11425: $? = 0
configure:11674: result: GNU/Linux ld.so
configure:11796: checking how to hardcode library paths into programs
configure:11821: result: immediate
configure:12369: checking whether stripping libraries is possible
configure:12374: result: yes
configure:12409: checking if libtool supports shared libraries
configure:12411: result: yes
configure:12414: checking whether to build shared libraries
configure:12439: result: yes
configure:12442: checking whether to build static libraries
configure:12446: result: yes
configure:12469: checking how to run the C++ preprocessor
configure:12496: g++ -E  conftest.cpp
configure:12496: $? = 0
configure:12510: g++ -E  conftest.cpp
conftest.cpp:23:28: fatal error: ac_nonexistent.h: No such file or directory
compilation terminated.
configure:12510: $? = 1
configure: failed program was:
| /* confdefs.h */
| #define PACKAGE_NAME "PI-proto"
| #define PACKAGE_TARNAME "pi-proto"
| #define PACKAGE_VERSION "0.1"
| #define PACKAGE_STRING "PI-proto 0.1"
| #define PACKAGE_BUGREPORT ""
| #define PACKAGE_URL ""
| #define PACKAGE "pi-proto"
| #define VERSION "0.1"
| #define STDC_HEADERS 1
| #define HAVE_SYS_TYPES_H 1
| #define HAVE_SYS_STAT_H 1
| #define HAVE_STDLIB_H 1
| #define HAVE_STRING_H 1
| #define HAVE_MEMORY_H 1
| #define HAVE_STRINGS_H 1
| #define HAVE_INTTYPES_H 1
| #define HAVE_STDINT_H 1
| #define HAVE_UNISTD_H 1
| #define HAVE_DLFCN_H 1
| #define LT_OBJDIR ".libs/"
| /* end confdefs.h.  */
| #include <ac_nonexistent.h>
configure:12535: result: g++ -E
configure:12555: g++ -E  conftest.cpp
configure:12555: $? = 0
configure:12569: g++ -E  conftest.cpp
conftest.cpp:23:28: fatal error: ac_nonexistent.h: No such file or directory
compilation terminated.
configure:12569: $? = 1
configure: failed program was:
| /* confdefs.h */
| #define PACKAGE_NAME "PI-proto"
| #define PACKAGE_TARNAME "pi-proto"
| #define PACKAGE_VERSION "0.1"
| #define PACKAGE_STRING "PI-proto 0.1"
| #define PACKAGE_BUGREPORT ""
| #define PACKAGE_URL ""
| #define PACKAGE "pi-proto"
| #define VERSION "0.1"
| #define STDC_HEADERS 1
| #define HAVE_SYS_TYPES_H 1
| #define HAVE_SYS_STAT_H 1
| #define HAVE_STDLIB_H 1
| #define HAVE_STRING_H 1
| #define HAVE_MEMORY_H 1
| #define HAVE_STRINGS_H 1
| #define HAVE_INTTYPES_H 1
| #define HAVE_STDINT_H 1
| #define HAVE_UNISTD_H 1
| #define HAVE_DLFCN_H 1
| #define LT_OBJDIR ".libs/"
| /* end confdefs.h.  */
| #include <ac_nonexistent.h>
configure:12731: checking for ld used by g++
configure:12798: result: /usr/bin/ld
configure:12805: checking if the linker (/usr/bin/ld) is GNU ld
configure:12820: result: yes
configure:12875: checking whether the g++ linker (/usr/bin/ld) supports shared libraries
configure:13948: result: yes
configure:13984: g++ -c -g -O2  conftest.cpp >&5
configure:13987: $? = 0
configure:14468: checking for g++ option to produce PIC
configure:14475: result: -fPIC -DPIC
configure:14483: checking if g++ PIC flag -fPIC -DPIC works
configure:14501: g++ -c -g -O2  -fPIC -DPIC -DPIC conftest.cpp >&5
configure:14505: $? = 0
configure:14518: result: yes
configure:14541: checking if g++ static flag -static works
configure:14569: result: yes
configure:14581: checking if g++ supports -c -o file.o
configure:14602: g++ -c -g -O2  -o out/conftest2.o conftest.cpp >&5
configure:14606: $? = 0
configure:14628: result: yes
configure:14633: checking if g++ supports -c -o file.o
configure:14680: result: yes
configure:14710: checking whether the g++ linker (/usr/bin/ld) supports shared libraries
configure:14753: result: yes
configure:14894: checking dynamic linker characteristics
configure:15651: result: GNU/Linux ld.so
configure:15716: checking how to hardcode library paths into programs
configure:15741: result: immediate
configure:15825: checking whether g++ supports C++11 features by default
configure:15851: g++ -c -g -O2  conftest.cpp >&5
conftest.cpp:27:21: error: expected identifier before 'sizeof'
       static_assert(sizeof(int) <= sizeof(T), "not big enough");
                     ^
conftest.cpp:27:21: error: expected ',' or '...' before 'sizeof'
conftest.cpp:27:63: error: ISO C++ forbids declaration of 'static_assert' with no type [-fpermissive]
       static_assert(sizeof(int) <= sizeof(T), "not big enough");
                                                               ^
conftest.cpp:30:29: error: '>>' should be '> >' within a nested template argument list
     typedef check<check<bool>> right_angle_brackets;
                             ^
conftest.cpp:33:13: error: expected constructor, destructor, or type conversion before '(' token
     decltype(a) b;
             ^
conftest.cpp:37:15: error: expected unqualified-id before '&&' token
     check_type&& cr = static_cast<check_type&&>(c);
               ^
conftest.cpp:39:10: error: 'd' does not name a type
     auto d = a;
          ^
configure:15851: $? = 1
configure: failed program was:
| /* confdefs.h */
| #define PACKAGE_NAME "PI-proto"
| #define PACKAGE_TARNAME "pi-proto"
| #define PACKAGE_VERSION "0.1"
| #define PACKAGE_STRING "PI-proto 0.1"
| #define PACKAGE_BUGREPORT ""
| #define PACKAGE_URL ""
| #define PACKAGE "pi-proto"
| #define VERSION "0.1"
| #define STDC_HEADERS 1
| #define HAVE_SYS_TYPES_H 1
| #define HAVE_SYS_STAT_H 1
| #define HAVE_STDLIB_H 1
| #define HAVE_STRING_H 1
| #define HAVE_MEMORY_H 1
| #define HAVE_STRINGS_H 1
| #define HAVE_INTTYPES_H 1
| #define HAVE_STDINT_H 1
| #define HAVE_UNISTD_H 1
| #define HAVE_DLFCN_H 1
| #define LT_OBJDIR ".libs/"
| /* end confdefs.h.  */
| 
|   template <typename T>
|     struct check
|     {
|       static_assert(sizeof(int) <= sizeof(T), "not big enough");
|     };
| 
|     typedef check<check<bool>> right_angle_brackets;
| 
|     int a;
|     decltype(a) b;
| 
|     typedef check<int> check_type;
|     check_type c;
|     check_type&& cr = static_cast<check_type&&>(c);
| 
|     auto d = a;
| 
configure:15858: result: no
configure:15869: checking whether g++ supports C++11 features with -std=c++11
configure:15897: g++ -c -g -O2 -std=c++11  conftest.cpp >&5
configure:15897: $? = 0
configure:15906: result: yes
configure:15976: checking for a Python interpreter with version >= 2.7
configure:15993: python -c import sys # split strings by '.' and convert to numeric. Append some zeros # because we need at least 4 digits for the hex conversion. # map returns an iterator in Python 3.0 and a list in 2.x minver = list(map(int, '2.7'.split('.'))) + [0, 0, 0] minverhex = 0 # xrange is not present in Python 3.0 and range returns an iterator for i in list(range(0, 4)): minverhex = (minverhex << 8) + minver[i] sys.exit(sys.hexversion < minverhex)
configure:15996: $? = 0
configure:16002: result: python
configure:16010: checking for python
configure:16028: found /usr/bin/python
configure:16040: result: /usr/bin/python
configure:16058: checking for python version
configure:16065: result: 2.7
configure:16077: checking for python platform
configure:16084: result: linux2
configure:16110: checking for python script directory
configure:16145: result: ${prefix}/lib/python2.7/dist-packages
configure:16154: checking for python extension module directory
configure:16189: result: ${exec_prefix}/lib/python2.7/dist-packages
configure:16265: checking for pkg-config
configure:16283: found /usr/bin/pkg-config
configure:16295: result: /usr/bin/pkg-config
configure:16320: checking pkg-config is at least version 0.9.0
configure:16323: result: yes
configure:16333: checking for PROTOBUF
configure:16340: $PKG_CONFIG --exists --print-errors "protobuf >= 3.0.0"
configure:16343: $? = 0
configure:16357: $PKG_CONFIG --exists --print-errors "protobuf >= 3.0.0"
configure:16360: $? = 0
configure:16418: result: yes
configure:16427: checking for GRPC
configure:16434: $PKG_CONFIG --exists --print-errors "grpc++ >= 1.3.0 grpc >= 3.0.0"
configure:16437: $? = 0
configure:16451: $PKG_CONFIG --exists --print-errors "grpc++ >= 1.3.0 grpc >= 3.0.0"
configure:16454: $? = 0
configure:16512: result: yes
configure:16521: checking for protoc
configure:16539: found /usr/bin/protoc
configure:16551: result: /usr/bin/protoc
configure:16565: checking for grpc_cpp_plugin
configure:16583: found /usr/local/bin/grpc_cpp_plugin
configure:16595: result: /usr/local/bin/grpc_cpp_plugin
configure:16612: checking for grpc_python_plugin
configure:16630: found /usr/local/bin/grpc_python_plugin
configure:16642: result: /usr/local/bin/grpc_python_plugin
configure:16715: checking for boostlib >= 1.54.0
configure:16795: g++ -c -g -O2 -std=c++11  -I/usr/include conftest.cpp >&5
configure:16795: $? = 0
configure:16797: result: yes
configure:16975: checking whether the Boost::Thread library is available
configure:17007: g++ -c -pthread -g -O2 -std=c++11  -I/usr/include conftest.cpp >&5
configure:17007: $? = 0
configure:17022: result: yes
configure:17051: checking for exit in -lboost_thread
configure:17076: g++ -o conftest -g -O2 -std=c++11  -I/usr/include  -L/usr/lib/i386-linux-gnu conftest.cpp -lboost_thread   >&5
configure:17076: $? = 0
configure:17086: result: yes
configure:17246: checking whether the Boost::System library is available
configure:17270: g++ -c -g -O2 -std=c++11  -pthread -I/usr/include conftest.cpp >&5
configure:17270: $? = 0
configure:17285: result: yes
configure:17300: checking for exit in -lboost_system
configure:17325: g++ -o conftest -g -O2 -std=c++11  -pthread -I/usr/include  -L/usr/lib/i386-linux-gnu conftest.cpp -lboost_system   >&5
configure:17325: $? = 0
configure:17335: result: yes
configure:17476: checking for MHD_start_daemon in -lmicrohttpd
configure:17501: g++ -o conftest -g -O2 -std=c++11   conftest.cpp -lmicrohttpd   >&5
/usr/bin/ld: cannot find -lmicrohttpd
collect2: error: ld returned 1 exit status
configure:17501: $? = 1
configure: failed program was:
| /* confdefs.h */
| #define PACKAGE_NAME "PI-proto"
| #define PACKAGE_TARNAME "pi-proto"
| #define PACKAGE_VERSION "0.1"
| #define PACKAGE_STRING "PI-proto 0.1"
| #define PACKAGE_BUGREPORT ""
| #define PACKAGE_URL ""
| #define PACKAGE "pi-proto"
| #define VERSION "0.1"
| #define STDC_HEADERS 1
| #define HAVE_SYS_TYPES_H 1
| #define HAVE_SYS_STAT_H 1
| #define HAVE_STDLIB_H 1
| #define HAVE_STRING_H 1
| #define HAVE_MEMORY_H 1
| #define HAVE_STRINGS_H 1
| #define HAVE_INTTYPES_H 1
| #define HAVE_STDINT_H 1
| #define HAVE_UNISTD_H 1
| #define HAVE_DLFCN_H 1
| #define LT_OBJDIR ".libs/"
| #define HAVE_CXX11 1
| #define HAVE_BOOST /**/
| #define HAVE_BOOST_THREAD /**/
| #define HAVE_BOOST_SYSTEM /**/
| /* end confdefs.h.  */
| 
| /* Override any GCC internal prototype to avoid an error.
|    Use char because int might match the return type of a GCC
|    builtin and then its argument prototype would still apply.  */
| #ifdef __cplusplus
| extern "C"
| #endif
| char MHD_start_daemon ();
| int
| main ()
| {
| return MHD_start_daemon ();
|   ;
|   return 0;
| }
configure:17510: result: no
configure:17521: WARNING: microhttpd library not found, will not compile demo
configure:17654: checking for /home/cxy/PI/proto/p4/v1/p4runtime.proto
configure:17668: result: yes
configure:17869: checking whether gcc is Clang
configure:17894: result: no
configure:18017: checking whether pthreads work with -pthread
configure:18111: gcc -o conftest -g -O2 -pthread   conftest.c   >&5
configure:18111: $? = 0
configure:18120: result: yes
configure:18139: checking for joinable pthread attribute
configure:18157: gcc -o conftest -g -O2 -pthread   conftest.c   >&5
configure:18157: $? = 0
configure:18165: result: PTHREAD_CREATE_JOINABLE
configure:18179: checking whether more special flags are required for pthreads
configure:18192: result: no
configure:18200: checking for PTHREAD_PRIO_INHERIT
configure:18216: gcc -o conftest -g -O2 -pthread   conftest.c   >&5
configure:18216: $? = 0
configure:18225: result: yes
configure:18350: checking for a sed that does not truncate output
configure:18414: result: /bin/sed
configure:18536: checking that generated files are newer than configure
configure:18542: result: done
configure:18589: creating ./config.status

## ---------------------- ##
## Running config.status. ##
## ---------------------- ##

This file was extended by PI-proto config.status 0.1, which was
generated by GNU Autoconf 2.69.  Invocation command line was

  CONFIG_FILES    = 
  CONFIG_HEADERS  = 
  CONFIG_LINKS    = 
  CONFIG_COMMANDS = 
  $ ./config.status 

on cxy-VirtualBox

config.status:1200: creating Makefile
config.status:1200: creating p4info/Makefile
config.status:1200: creating frontend/Makefile
config.status:1200: creating server/Makefile
config.status:1200: creating demo_grpc/Makefile
config.status:1200: creating tests/Makefile
config.status:1200: creating third_party/Makefile
config.status:1200: creating sysrepo/install_yangs.sh
config.status:1200: creating config.h
config.status:1429: executing depfiles commands
config.status:1429: executing libtool commands

## ---------------- ##
## Cache variables. ##
## ---------------- ##

ac_cv_build=i686-pc-linux-gnu
ac_cv_c_compiler_gnu=yes
ac_cv_cxx_compiler_gnu=yes
ac_cv_env_CCC_set=
ac_cv_env_CCC_value=
ac_cv_env_CC_set=
ac_cv_env_CC_value=
ac_cv_env_CFLAGS_set=
ac_cv_env_CFLAGS_value=
ac_cv_env_CPPFLAGS_set=
ac_cv_env_CPPFLAGS_value=
ac_cv_env_CPP_set=
ac_cv_env_CPP_value=
ac_cv_env_CXXCPP_set=
ac_cv_env_CXXCPP_value=
ac_cv_env_CXXFLAGS_set=
ac_cv_env_CXXFLAGS_value=
ac_cv_env_CXX_set=
ac_cv_env_CXX_value=
ac_cv_env_GRPC_CFLAGS_set=
ac_cv_env_GRPC_CFLAGS_value=
ac_cv_env_GRPC_LIBS_set=
ac_cv_env_GRPC_LIBS_value=
ac_cv_env_LDFLAGS_set=
ac_cv_env_LDFLAGS_value=
ac_cv_env_LIBS_set=
ac_cv_env_LIBS_value=
ac_cv_env_LT_SYS_LIBRARY_PATH_set=
ac_cv_env_LT_SYS_LIBRARY_PATH_value=
ac_cv_env_PKG_CONFIG_LIBDIR_set=
ac_cv_env_PKG_CONFIG_LIBDIR_value=
ac_cv_env_PKG_CONFIG_PATH_set=
ac_cv_env_PKG_CONFIG_PATH_value=
ac_cv_env_PKG_CONFIG_set=
ac_cv_env_PKG_CONFIG_value=
ac_cv_env_PROTOBUF_CFLAGS_set=
ac_cv_env_PROTOBUF_CFLAGS_value=
ac_cv_env_PROTOBUF_LIBS_set=
ac_cv_env_PROTOBUF_LIBS_value=
ac_cv_env_PYTHON_set=
ac_cv_env_PYTHON_value=
ac_cv_env_build_alias_set=
ac_cv_env_build_alias_value=
ac_cv_env_host_alias_set=
ac_cv_env_host_alias_value=
ac_cv_env_target_alias_set=
ac_cv_env_target_alias_value=
ac_cv_file__home_cxy_PI_proto_p4_v1_p4runtime_proto=yes
ac_cv_header_dlfcn_h=yes
ac_cv_header_inttypes_h=yes
ac_cv_header_memory_h=yes
ac_cv_header_stdc=yes
ac_cv_header_stdint_h=yes
ac_cv_header_stdlib_h=yes
ac_cv_header_string_h=yes
ac_cv_header_strings_h=yes
ac_cv_header_sys_stat_h=yes
ac_cv_header_sys_types_h=yes
ac_cv_header_unistd_h=yes
ac_cv_host=i686-pc-linux-gnu
ac_cv_lib_boost_system___exit=yes
ac_cv_lib_boost_thread___exit=yes
ac_cv_lib_microhttpd_MHD_start_daemon=no
ac_cv_objext=o
ac_cv_path_EGREP='/bin/grep -E'
ac_cv_path_FGREP='/bin/grep -F'
ac_cv_path_GREP=/bin/grep
ac_cv_path_GRPC_CPP_PLUGIN=/usr/local/bin/grpc_cpp_plugin
ac_cv_path_GRPC_PY_PLUGIN=/usr/local/bin/grpc_python_plugin
ac_cv_path_PROTOC=/usr/bin/protoc
ac_cv_path_PYTHON=/usr/bin/python
ac_cv_path_SED=/bin/sed
ac_cv_path_ac_pt_PKG_CONFIG=/usr/bin/pkg-config
ac_cv_path_install='/usr/bin/install -c'
ac_cv_path_lt_DD=/bin/dd
ac_cv_path_mkdir=/bin/mkdir
ac_cv_prog_AWK=mawk
ac_cv_prog_CPP='gcc -E'
ac_cv_prog_CXXCPP='g++ -E'
ac_cv_prog_ac_ct_AR=ar
ac_cv_prog_ac_ct_CC=gcc
ac_cv_prog_ac_ct_CXX=g++
ac_cv_prog_ac_ct_MANIFEST_TOOL=mt
ac_cv_prog_ac_ct_OBJDUMP=objdump
ac_cv_prog_ac_ct_RANLIB=ranlib
ac_cv_prog_ac_ct_STRIP=strip
ac_cv_prog_cc_c89=
ac_cv_prog_cc_g=yes
ac_cv_prog_cxx_g=yes
ac_cv_prog_make_make_set=yes
am_cv_CC_dependencies_compiler_type=gcc3
am_cv_CXX_dependencies_compiler_type=gcc3
am_cv_make_support_nested_variables=yes
am_cv_pathless_PYTHON=python
am_cv_prog_cc_c_o=yes
am_cv_python_platform=linux2
am_cv_python_pyexecdir='${exec_prefix}/lib/python2.7/dist-packages'
am_cv_python_pythondir='${prefix}/lib/python2.7/dist-packages'
am_cv_python_version=2.7
ax_cv_PTHREAD_CLANG=no
ax_cv_PTHREAD_JOINABLE_ATTR=PTHREAD_CREATE_JOINABLE
ax_cv_PTHREAD_PRIO_INHERIT=yes
ax_cv_PTHREAD_SPECIAL_FLAGS=no
ax_cv_boost_system=yes
ax_cv_boost_thread=yes
ax_cv_cxx_compile_cxx11=no
ax_cv_cxx_compile_cxx11__std_cpp11=yes
lt_cv_ar_at_file=@
lt_cv_archive_cmds_need_lc=no
lt_cv_deplibs_check_method=pass_all
lt_cv_file_magic_cmd='$MAGIC_CMD'
lt_cv_file_magic_test_file=
lt_cv_ld_reload_flag=-r
lt_cv_nm_interface='BSD nm'
lt_cv_objdir=.libs
lt_cv_path_LD=/usr/bin/ld
lt_cv_path_LDCXX=/usr/bin/ld
lt_cv_path_NM='/usr/bin/nm -B'
lt_cv_path_mainfest_tool=no
lt_cv_prog_compiler_c_o=yes
lt_cv_prog_compiler_c_o_CXX=yes
lt_cv_prog_compiler_pic='-fPIC -DPIC'
lt_cv_prog_compiler_pic_CXX='-fPIC -DPIC'
lt_cv_prog_compiler_pic_works=yes
lt_cv_prog_compiler_pic_works_CXX=yes
lt_cv_prog_compiler_rtti_exceptions=no
lt_cv_prog_compiler_static_works=yes
lt_cv_prog_compiler_static_works_CXX=yes
lt_cv_prog_gnu_ld=yes
lt_cv_prog_gnu_ldcxx=yes
lt_cv_sharedlib_from_linklib_cmd='printf %s\n'
lt_cv_shlibpath_overrides_runpath=no
lt_cv_sys_global_symbol_pipe='sed -n -e '\''s/^.*[	 ]\([ABCDGIRSTW][ABCDGIRSTW]*\)[	 ][	 ]*\([_A-Za-z][_A-Za-z0-9]*\)$/\1 \2 \2/p'\'' | sed '\''/ __gnu_lto/d'\'''
lt_cv_sys_global_symbol_to_c_name_address='sed -n -e '\''s/^: \(.*\) .*$/  {"\1", (void *) 0},/p'\'' -e '\''s/^[ABCDGIRSTW][ABCDGIRSTW]* .* \(.*\)$/  {"\1", (void *) \&\1},/p'\'''
lt_cv_sys_global_symbol_to_c_name_address_lib_prefix='sed -n -e '\''s/^: \(.*\) .*$/  {"\1", (void *) 0},/p'\'' -e '\''s/^[ABCDGIRSTW][ABCDGIRSTW]* .* \(lib.*\)$/  {"\1", (void *) \&\1},/p'\'' -e '\''s/^[ABCDGIRSTW][ABCDGIRSTW]* .* \(.*\)$/  {"lib\1", (void *) \&\1},/p'\'''
lt_cv_sys_global_symbol_to_cdecl='sed -n -e '\''s/^T .* \(.*\)$/extern int \1();/p'\'' -e '\''s/^[ABCDGIRSTW][ABCDGIRSTW]* .* \(.*\)$/extern char \1;/p'\'''
lt_cv_sys_global_symbol_to_import=
lt_cv_sys_max_cmd_len=1572864
lt_cv_to_host_file_cmd=func_convert_file_noop
lt_cv_to_tool_file_cmd=func_convert_file_noop
lt_cv_truncate_bin='/bin/dd bs=4096 count=1'
pkg_cv_GRPC_CFLAGS='-pthread -I/usr/local/include'
pkg_cv_GRPC_LIBS='-L/usr/local/lib -lgrpc++ -lgrpc'
pkg_cv_PROTOBUF_CFLAGS=-pthread
pkg_cv_PROTOBUF_LIBS='-lprotobuf -pthread -lpthread'

## ----------------- ##
## Output variables. ##
## ----------------- ##

ACLOCAL='${SHELL} /home/cxy/PI/proto/missing aclocal-1.15'
AMDEPBACKSLASH='\'
AMDEP_FALSE='#'
AMDEP_TRUE=''
AMTAR='$${TAR-tar}'
AM_BACKSLASH='\'
AM_CXXFLAGS='-pthread -Wall -Wextra'
AM_DEFAULT_V='$(AM_DEFAULT_VERBOSITY)'
AM_DEFAULT_VERBOSITY='1'
AM_V='$(V)'
AR='ar'
AUTOCONF='${SHELL} /home/cxy/PI/proto/missing autoconf'
AUTOHEADER='${SHELL} /home/cxy/PI/proto/missing autoheader'
AUTOMAKE='${SHELL} /home/cxy/PI/proto/missing automake-1.15'
AWK='mawk'
BOOST_CPPFLAGS='-pthread -I/usr/include'
BOOST_LDFLAGS='-L/usr/lib/i386-linux-gnu'
BOOST_SYSTEM_LIB='-lboost_system'
BOOST_THREAD_LIB='-lboost_thread'
CC='gcc'
CCDEPMODE='depmode=gcc3'
CFLAGS='-g -O2'
CPP='gcc -E'
CPPFLAGS=''
CXX='g++'
CXXCPP='g++ -E'
CXXDEPMODE='depmode=gcc3'
CXXFLAGS='-g -O2 -std=c++11'
CYGPATH_W='echo'
DEFS='-DHAVE_CONFIG_H'
DEPDIR='.deps'
DLLTOOL='false'
DSYMUTIL=''
DUMPBIN=''
ECHO_C=''
ECHO_N='-n'
ECHO_T=''
EGREP='/bin/grep -E'
EXEEXT=''
FGREP='/bin/grep -F'
GREP='/bin/grep'
GRPC_CFLAGS='-pthread -I/usr/local/include'
GRPC_CPP_PLUGIN='/usr/local/bin/grpc_cpp_plugin'
GRPC_LIBS='-L/usr/local/lib -lgrpc++ -lgrpc'
GRPC_PY_PLUGIN='/usr/local/bin/grpc_python_plugin'
HAVE_CXX11='1'
HAVE_GRPC_PY_PLUGIN_FALSE='#'
HAVE_GRPC_PY_PLUGIN_TRUE=''
HAVE_PYTHON_FALSE='#'
HAVE_PYTHON_TRUE=''
INSTALL_DATA='${INSTALL} -m 644'
INSTALL_PROGRAM='${INSTALL}'
INSTALL_SCRIPT='${INSTALL}'
INSTALL_STRIP_PROGRAM='$(install_sh) -c -s'
LD='/usr/bin/ld'
LDFLAGS=''
LD_IGNORE_UNRESOLVED_SYMBOLS='-Wl,--unresolved-symbols=ignore-in-shared-libs'
LIBOBJS=''
LIBS=''
LIBTOOL='$(SHELL) $(top_builddir)/libtool'
LIPO=''
LN_S='ln -s'
LTLIBOBJS=''
LT_SYS_LIBRARY_PATH=''
MAKEINFO='${SHELL} /home/cxy/PI/proto/missing makeinfo'
MANIFEST_TOOL=':'
MKDIR_P='/bin/mkdir -p'
NM='/usr/bin/nm -B'
NMEDIT=''
OBJDUMP='objdump'
OBJEXT='o'
OTOOL64=''
OTOOL=''
PACKAGE='pi-proto'
PACKAGE_BUGREPORT=''
PACKAGE_NAME='PI-proto'
PACKAGE_STRING='PI-proto 0.1'
PACKAGE_TARNAME='pi-proto'
PACKAGE_URL=''
PACKAGE_VERSION='0.1'
PATH_SEPARATOR=':'
PKG_CONFIG='/usr/bin/pkg-config'
PKG_CONFIG_LIBDIR=''
PKG_CONFIG_PATH=''
PROTOBUF_CFLAGS='-pthread'
PROTOBUF_LIBS='-lprotobuf -pthread -lpthread'
PROTOC='/usr/bin/protoc'
PTHREAD_CC='gcc'
PTHREAD_CFLAGS='-pthread'
PTHREAD_LIBS=''
PYTHON='/usr/bin/python'
PYTHON_EXEC_PREFIX='${exec_prefix}'
PYTHON_PLATFORM='linux2'
PYTHON_PREFIX='${prefix}'
PYTHON_VERSION='2.7'
RANLIB='ranlib'
SED='/bin/sed'
SET_MAKE=''
SHELL='/bin/bash'
STRIP='strip'
VERSION='0.1'
WITH_BMV2_FALSE=''
WITH_BMV2_TRUE='#'
WITH_PROTO_DEMO_FALSE=''
WITH_PROTO_DEMO_TRUE='#'
WITH_SYSREPO_FALSE=''
WITH_SYSREPO_TRUE='#'
ac_ct_AR='ar'
ac_ct_CC='gcc'
ac_ct_CXX='g++'
ac_ct_DUMPBIN=''
am__EXEEXT_FALSE=''
am__EXEEXT_TRUE='#'
am__fastdepCC_FALSE='#'
am__fastdepCC_TRUE=''
am__fastdepCXX_FALSE='#'
am__fastdepCXX_TRUE=''
am__include='include'
am__isrc=''
am__leading_dot='.'
am__nodep='_no'
am__quote=''
am__tar='$${TAR-tar} chof - "$$tardir"'
am__untar='$${TAR-tar} xf -'
ax_pthread_config=''
bindir='${exec_prefix}/bin'
build='i686-pc-linux-gnu'
build_alias=''
build_cpu='i686'
build_os='linux-gnu'
build_vendor='pc'
datadir='${datarootdir}'
datarootdir='${prefix}/share'
docdir='${datarootdir}/doc/${PACKAGE_TARNAME}'
dvidir='${docdir}'
exec_prefix='${prefix}'
host='i686-pc-linux-gnu'
host_alias=''
host_cpu='i686'
host_os='linux-gnu'
host_vendor='pc'
htmldir='${docdir}'
includedir='${prefix}/include'
infodir='${datarootdir}/info'
install_sh='${SHELL} /home/cxy/PI/proto/install-sh'
libdir='${exec_prefix}/lib'
libexecdir='${exec_prefix}/libexec'
localedir='${datarootdir}/locale'
localstatedir='${prefix}/var'
mandir='${datarootdir}/man'
mkdir_p='$(MKDIR_P)'
oldincludedir='/usr/include'
pdfdir='${docdir}'
pkgpyexecdir='${pyexecdir}/pi-proto'
pkgpythondir='${pythondir}/pi-proto'
prefix='/usr/local'
program_transform_name='s,x,x,'
psdir='${docdir}'
pyexecdir='${exec_prefix}/lib/python2.7/dist-packages'
pythondir='${prefix}/lib/python2.7/dist-packages'
runstatedir='${localstatedir}/run'
sbindir='${exec_prefix}/sbin'
sharedstatedir='${prefix}/com'
sysconfdir='${prefix}/etc'
target_alias=''

## ----------- ##
## confdefs.h. ##
## ----------- ##

/* confdefs.h */
#define PACKAGE_NAME "PI-proto"
#define PACKAGE_TARNAME "pi-proto"
#define PACKAGE_VERSION "0.1"
#define PACKAGE_STRING "PI-proto 0.1"
#define PACKAGE_BUGREPORT ""
#define PACKAGE_URL ""
#define PACKAGE "pi-proto"
#define VERSION "0.1"
#define STDC_HEADERS 1
#define HAVE_SYS_TYPES_H 1
#define HAVE_SYS_STAT_H 1
#define HAVE_STDLIB_H 1
#define HAVE_STRING_H 1
#define HAVE_MEMORY_H 1
#define HAVE_STRINGS_H 1
#define HAVE_INTTYPES_H 1
#define HAVE_STDINT_H 1
#define HAVE_UNISTD_H 1
#define HAVE_DLFCN_H 1
#define LT_OBJDIR ".libs/"
#define HAVE_CXX11 1
#define HAVE_BOOST /**/
#define HAVE_BOOST_THREAD /**/
#define HAVE_BOOST_SYSTEM /**/
#define HAVE_PTHREAD_PRIO_INHERIT 1
#define HAVE_PTHREAD 1

configure: exit 0
